<?xml version="1.0" encoding="UTF-8"?>
<robot generator="Robot 3.1.2 (Python 3.7.4 on win32)" generated="20220802 09:45:36.814" rpa="false">
<suite id="s1" name="MailAccountCreation" source="D:\WORK\MailAccountCreation">
<suite id="s1-s1" name="Scripts" source="D:\WORK\MailAccountCreation\Scripts">
<suite id="s1-s1-s1" name="AccountCreation" source="D:\WORK\MailAccountCreation\Scripts\AccountCreation.robot">
<test id="s1-s1-s1-t1" name="Create Unlimited Accounts">
<kw name="Create User Define Number Of Accounts" library="AccountCreationKeywords">
<doc>This Keyword is used to Create User Define Number Of Accounts</doc>
<arguments>
<arg>${NumberOfEmailsToBeCreated}</arg>
</arguments>
<kw name="${i} IN RANGE [ ${NumberOfAccounts} ]" type="for">
<kw name="${i} = 0" type="foritem">
<kw name="Open the Browser &amp; Application" library="AccountCreationKeywords">
<doc>This Keyword is used to Open the Browser &amp; Application</doc>
<kw name="Open Browser" library="SeleniumLibrary">
<doc>Opens a new browser instance to the optional ``url``.</doc>
<arguments>
<arg>url=${URL}</arg>
<arg>browser=${BROWSER}</arg>
</arguments>
<msg timestamp="20220802 09:45:37.242" level="INFO">Opening browser 'chrome' to base url 'https://temp-mail.org/en/'.</msg>
<status status="PASS" starttime="20220802 09:45:37.242" endtime="20220802 09:45:40.799"></status>
</kw>
<kw name="Maximize Browser Window" library="SeleniumLibrary">
<doc>Maximizes current browser window.</doc>
<status status="PASS" starttime="20220802 09:45:40.799" endtime="20220802 09:45:40.920"></status>
</kw>
<kw name="Capture Page Screenshot" library="SeleniumLibrary">
<doc>Takes a screenshot of the current page and embeds it into a log file.</doc>
<msg timestamp="20220802 09:45:41.085" level="INFO" html="yes">&lt;/td&gt;&lt;/tr&gt;&lt;tr&gt;&lt;td colspan="3"&gt;&lt;a href="selenium-screenshot-195.png"&gt;&lt;img src="selenium-screenshot-195.png" width="800px"&gt;&lt;/a&gt;</msg>
<status status="PASS" starttime="20220802 09:45:40.920" endtime="20220802 09:45:41.085"></status>
</kw>
<status status="PASS" starttime="20220802 09:45:37.242" endtime="20220802 09:45:41.086"></status>
</kw>
<kw name="Verify HomePage Is Loaded" library="AccountCreationKeywords">
<doc>This Keyword is used to Verify HomePage Is Loaded</doc>
<kw name="Wait Until Page Contains Element" library="SeleniumLibrary">
<doc>Waits until the element ``locator`` appears on the current page.</doc>
<arguments>
<arg>${HomePageHeader}</arg>
<arg>${MAX_WAIT}</arg>
</arguments>
<status status="PASS" starttime="20220802 09:45:41.086" endtime="20220802 09:45:41.094"></status>
</kw>
<kw name="Sleep" library="BuiltIn">
<doc>Pauses the test executed for the given time.</doc>
<arguments>
<arg>20s</arg>
</arguments>
<msg timestamp="20220802 09:46:01.100" level="INFO">Slept 20 seconds</msg>
<status status="PASS" starttime="20220802 09:45:41.094" endtime="20220802 09:46:01.100"></status>
</kw>
<kw name="Capture Page Screenshot" library="SeleniumLibrary">
<doc>Takes a screenshot of the current page and embeds it into a log file.</doc>
<msg timestamp="20220802 09:46:01.304" level="INFO" html="yes">&lt;/td&gt;&lt;/tr&gt;&lt;tr&gt;&lt;td colspan="3"&gt;&lt;a href="selenium-screenshot-196.png"&gt;&lt;img src="selenium-screenshot-196.png" width="800px"&gt;&lt;/a&gt;</msg>
<status status="PASS" starttime="20220802 09:46:01.100" endtime="20220802 09:46:01.304"></status>
</kw>
<status status="PASS" starttime="20220802 09:45:41.086" endtime="20220802 09:46:01.304"></status>
</kw>
<kw name="Wait Until Page Contains Element" library="SeleniumLibrary">
<doc>Waits until the element ``locator`` appears on the current page.</doc>
<arguments>
<arg>${HomePageHeader}</arg>
<arg>${MAX_WAIT}</arg>
</arguments>
<status status="PASS" starttime="20220802 09:46:01.304" endtime="20220802 09:46:01.312"></status>
</kw>
<kw name="Click Element" library="SeleniumLibrary">
<doc>Click the element identified by ``locator``.</doc>
<arguments>
<arg>${CopyEmail}</arg>
</arguments>
<msg timestamp="20220802 09:46:01.313" level="INFO">Clicking element 'xpath=//button[@id="click-to-copy"]'.</msg>
<status status="PASS" starttime="20220802 09:46:01.313" endtime="20220802 09:46:01.360"></status>
</kw>
<kw name="Open New Chrome Tab" library="AccountCreationKeywords">
<kw name="Execute Javascript" library="SeleniumLibrary">
<doc>Executes the given JavaScript code with possible arguments.</doc>
<arguments>
<arg>window.open('')</arg>
</arguments>
<msg timestamp="20220802 09:46:01.361" level="INFO">Executing JavaScript:
window.open('')
Without any arguments.</msg>
<status status="PASS" starttime="20220802 09:46:01.361" endtime="20220802 09:46:01.386"></status>
</kw>
<kw name="Get Window Titles" library="SeleniumLibrary">
<doc>Returns and logs titles of all windows of the selected browser.</doc>
<msg timestamp="20220802 09:46:01.441" level="INFO">Altogether 2 items.
1: Temp Mail - Disposable Temporary Email
2: undefined</msg>
<status status="PASS" starttime="20220802 09:46:01.387" endtime="20220802 09:46:01.441"></status>
</kw>
<kw name="Select Window" library="SeleniumLibrary">
<doc>DEPRECATED in SeleniumLibrary 4.0. , use `Switch Window` instead.</doc>
<arguments>
<arg>title=undefined</arg>
</arguments>
<status status="PASS" starttime="20220802 09:46:01.441" endtime="20220802 09:46:01.472"></status>
</kw>
<kw name="Sleep" library="BuiltIn">
<doc>Pauses the test executed for the given time.</doc>
<arguments>
<arg>5s</arg>
</arguments>
<msg timestamp="20220802 09:46:06.474" level="INFO">Slept 5 seconds</msg>
<status status="PASS" starttime="20220802 09:46:01.472" endtime="20220802 09:46:06.474"></status>
</kw>
<kw name="Go To" library="SeleniumLibrary">
<doc>Navigates the current browser window to the provided ``url``.</doc>
<arguments>
<arg>${NewURL}</arg>
</arguments>
<msg timestamp="20220802 09:46:06.475" level="INFO">Opening url 'https://test01.securesave.app'</msg>
<status status="PASS" starttime="20220802 09:46:06.474" endtime="20220802 09:46:07.389"></status>
</kw>
<kw name="Capture Page Screenshot" library="SeleniumLibrary">
<doc>Takes a screenshot of the current page and embeds it into a log file.</doc>
<msg timestamp="20220802 09:46:07.491" level="INFO" html="yes">&lt;/td&gt;&lt;/tr&gt;&lt;tr&gt;&lt;td colspan="3"&gt;&lt;a href="selenium-screenshot-197.png"&gt;&lt;img src="selenium-screenshot-197.png" width="800px"&gt;&lt;/a&gt;</msg>
<status status="PASS" starttime="20220802 09:46:07.390" endtime="20220802 09:46:07.491"></status>
</kw>
<status status="PASS" starttime="20220802 09:46:01.360" endtime="20220802 09:46:07.491"></status>
</kw>
<kw name="Wait Until Page Contains Element" library="SeleniumLibrary">
<doc>Waits until the element ``locator`` appears on the current page.</doc>
<arguments>
<arg>${SecureLoginPage}</arg>
<arg>${MAX_WAIT}</arg>
</arguments>
<status status="PASS" starttime="20220802 09:46:07.491" endtime="20220802 09:46:15.592"></status>
</kw>
<kw name="Wait Until Page Contains Element" library="SeleniumLibrary">
<doc>Waits until the element ``locator`` appears on the current page.</doc>
<arguments>
<arg>${SecureEmailInput}</arg>
<arg>${MAX_WAIT}</arg>
</arguments>
<status status="PASS" starttime="20220802 09:46:15.593" endtime="20220802 09:46:15.600"></status>
</kw>
<kw name="Input Text" library="SeleniumLibrary">
<doc>Types the given ``text`` into the text field identified by ``locator``.</doc>
<arguments>
<arg>${SecureEmailInput}</arg>
<arg>${SecureEmail}</arg>
</arguments>
<msg timestamp="20220802 09:46:15.601" level="INFO">Typing text 'loreli31@numbersgh.com' into text field 'xpath=//input[@id="email"]'.</msg>
<status status="PASS" starttime="20220802 09:46:15.600" endtime="20220802 09:46:15.744"></status>
</kw>
<kw name="Wait Until Page Contains Element" library="SeleniumLibrary">
<doc>Waits until the element ``locator`` appears on the current page.</doc>
<arguments>
<arg>${SecurePasswordInput}</arg>
<arg>${MAX_WAIT}</arg>
</arguments>
<status status="PASS" starttime="20220802 09:46:15.744" endtime="20220802 09:46:15.752"></status>
</kw>
<kw name="Input Text" library="SeleniumLibrary">
<doc>Types the given ``text`` into the text field identified by ``locator``.</doc>
<arguments>
<arg>${SecurePasswordInput}</arg>
<arg>${SecurePassword}</arg>
</arguments>
<msg timestamp="20220802 09:46:15.753" level="INFO">Typing text 'Secure*12' into text field 'xpath=//input[@id="password"]'.</msg>
<status status="PASS" starttime="20220802 09:46:15.753" endtime="20220802 09:46:15.847"></status>
</kw>
<kw name="Wait Until Page Contains Element" library="SeleniumLibrary">
<doc>Waits until the element ``locator`` appears on the current page.</doc>
<arguments>
<arg>${SecureLoginButton}</arg>
<arg>${MAX_WAIT}</arg>
</arguments>
<status status="PASS" starttime="20220802 09:46:15.847" endtime="20220802 09:46:15.854"></status>
</kw>
<kw name="Click Element" library="SeleniumLibrary">
<doc>Click the element identified by ``locator``.</doc>
<arguments>
<arg>${SecureLoginButton}</arg>
</arguments>
<msg timestamp="20220802 09:46:15.855" level="INFO">Clicking element 'xpath=//button[@type="button"]/span[text()=" Sign in "]'.</msg>
<status status="PASS" starttime="20220802 09:46:15.854" endtime="20220802 09:46:15.889"></status>
</kw>
<kw name="Wait Until Page Contains Element" library="SeleniumLibrary">
<doc>Waits until the element ``locator`` appears on the current page.</doc>
<arguments>
<arg>${SecureAccountSelectionPage}</arg>
<arg>${MAX_WAIT}</arg>
</arguments>
<status status="PASS" starttime="20220802 09:46:15.889" endtime="20220802 09:46:24.774"></status>
</kw>
<kw name="Wait Until Page Contains Element" library="SeleniumLibrary">
<doc>Waits until the element ``locator`` appears on the current page.</doc>
<arguments>
<arg>${AdminAccount}</arg>
<arg>${MAX_WAIT}</arg>
</arguments>
<status status="PASS" starttime="20220802 09:46:24.774" endtime="20220802 09:46:24.994"></status>
</kw>
<kw name="Click Element" library="SeleniumLibrary">
<doc>Click the element identified by ``locator``.</doc>
<arguments>
<arg>${AdminAccount}</arg>
</arguments>
<msg timestamp="20220802 09:46:24.995" level="INFO">Clicking element 'xpath=//div[text()=" Admin "]'.</msg>
<status status="PASS" starttime="20220802 09:46:24.994" endtime="20220802 09:46:25.074"></status>
</kw>
<kw name="Sleep" library="BuiltIn">
<doc>Pauses the test executed for the given time.</doc>
<arguments>
<arg>5s</arg>
</arguments>
<msg timestamp="20220802 09:46:30.089" level="INFO">Slept 5 seconds</msg>
<status status="PASS" starttime="20220802 09:46:25.075" endtime="20220802 09:46:30.089"></status>
</kw>
<kw name="Wait Until Page Contains Element" library="SeleniumLibrary">
<doc>Waits until the element ``locator`` appears on the current page.</doc>
<arguments>
<arg>${CancelOverlay}</arg>
<arg>${MAX_WAIT}</arg>
</arguments>
<status status="PASS" starttime="20220802 09:46:30.089" endtime="20220802 09:46:30.099"></status>
</kw>
<kw name="Click Element" library="SeleniumLibrary">
<doc>Click the element identified by ``locator``.</doc>
<arguments>
<arg>${CancelOverlay}</arg>
</arguments>
<msg timestamp="20220802 09:46:30.099" level="INFO">Clicking element 'xpath=//button[@type="button"]/span[text()=" Cancel "]'.</msg>
<status status="PASS" starttime="20220802 09:46:30.099" endtime="20220802 09:46:30.130"></status>
</kw>
<kw name="Wait Until Page Contains Element" library="SeleniumLibrary">
<doc>Waits until the element ``locator`` appears on the current page.</doc>
<arguments>
<arg>${EmployeesTab}</arg>
<arg>${MAX_WAIT}</arg>
</arguments>
<status status="PASS" starttime="20220802 09:46:30.130" endtime="20220802 09:46:30.137"></status>
</kw>
<kw name="Click Element" library="SeleniumLibrary">
<doc>Click the element identified by ``locator``.</doc>
<arguments>
<arg>${EmployeesTab}</arg>
</arguments>
<msg timestamp="20220802 09:46:30.138" level="INFO">Clicking element 'xpath=//div[@class="v-list-item__title"][text()="Employees"]'.</msg>
<status status="PASS" starttime="20220802 09:46:30.137" endtime="20220802 09:46:30.160"></status>
</kw>
<kw name="Sleep" library="BuiltIn">
<doc>Pauses the test executed for the given time.</doc>
<arguments>
<arg>5s</arg>
</arguments>
<msg timestamp="20220802 09:46:35.164" level="INFO">Slept 5 seconds</msg>
<status status="PASS" starttime="20220802 09:46:30.160" endtime="20220802 09:46:35.164"></status>
</kw>
<kw name="Wait Until Page Contains Element" library="SeleniumLibrary">
<doc>Waits until the element ``locator`` appears on the current page.</doc>
<arguments>
<arg>${AddEmployees}</arg>
<arg>${MAX_WAIT}</arg>
</arguments>
<status status="PASS" starttime="20220802 09:46:35.165" endtime="20220802 09:46:35.173"></status>
</kw>
<kw name="Click Element" library="SeleniumLibrary">
<doc>Click the element identified by ``locator``.</doc>
<arguments>
<arg>${AddEmployees}</arg>
</arguments>
<msg timestamp="20220802 09:46:35.174" level="INFO">Clicking element 'xpath=//button[@type="button"]/span[text()=" Add employees "]'.</msg>
<status status="PASS" starttime="20220802 09:46:35.173" endtime="20220802 09:46:35.216"></status>
</kw>
<kw name="Wait Until Page Contains Element" library="SeleniumLibrary">
<doc>Waits until the element ``locator`` appears on the current page.</doc>
<arguments>
<arg>${CreateIndividually}</arg>
<arg>${MAX_WAIT}</arg>
</arguments>
<status status="PASS" starttime="20220802 09:46:35.216" endtime="20220802 09:46:35.223"></status>
</kw>
<kw name="Click Element" library="SeleniumLibrary">
<doc>Click the element identified by ``locator``.</doc>
<arguments>
<arg>${CreateIndividually}</arg>
</arguments>
<msg timestamp="20220802 09:46:35.224" level="INFO">Clicking element 'xpath=//div[text()=" Create individually "]'.</msg>
<status status="PASS" starttime="20220802 09:46:35.224" endtime="20220802 09:46:35.306"></status>
</kw>
<kw name="Wait Until Page Contains Element" library="SeleniumLibrary">
<doc>Waits until the element ``locator`` appears on the current page.</doc>
<arguments>
<arg>${FirstName}</arg>
<arg>${MAX_WAIT}</arg>
</arguments>
<status status="PASS" starttime="20220802 09:46:35.306" endtime="20220802 09:46:35.314"></status>
</kw>
<kw name="Generate Random String" library="String">
<doc>Generates a string with a desired ``length`` from the given ``chars``.</doc>
<arguments>
<arg>8</arg>
<arg>[LETTERS]</arg>
</arguments>
<assign>
<var>${TempFirstName}</var>
</assign>
<msg timestamp="20220802 09:46:35.315" level="INFO">${TempFirstName} = SAboELfT</msg>
<status status="PASS" starttime="20220802 09:46:35.314" endtime="20220802 09:46:35.315"></status>
</kw>
<kw name="Set Test Variable" library="BuiltIn">
<doc>Makes a variable available everywhere within the scope of the current test.</doc>
<arguments>
<arg>${TempFirstName}</arg>
</arguments>
<msg timestamp="20220802 09:46:35.315" level="INFO">${TempFirstName} = SAboELfT</msg>
<status status="PASS" starttime="20220802 09:46:35.315" endtime="20220802 09:46:35.315"></status>
</kw>
<kw name="Input Text" library="SeleniumLibrary">
<doc>Types the given ``text`` into the text field identified by ``locator``.</doc>
<arguments>
<arg>${FirstName}</arg>
<arg>${TempFirstName}</arg>
</arguments>
<msg timestamp="20220802 09:46:35.315" level="INFO">Typing text 'SAboELfT' into text field 'xpath=(//input[@type="text"])[4]'.</msg>
<status status="PASS" starttime="20220802 09:46:35.315" endtime="20220802 09:46:35.396"></status>
</kw>
<kw name="Wait Until Page Contains Element" library="SeleniumLibrary">
<doc>Waits until the element ``locator`` appears on the current page.</doc>
<arguments>
<arg>${LastName}</arg>
<arg>${MAX_WAIT}</arg>
</arguments>
<status status="PASS" starttime="20220802 09:46:35.396" endtime="20220802 09:46:35.405"></status>
</kw>
<kw name="Generate Random String" library="String">
<doc>Generates a string with a desired ``length`` from the given ``chars``.</doc>
<arguments>
<arg>8</arg>
<arg>[LETTERS]</arg>
</arguments>
<assign>
<var>${TempLastName}</var>
</assign>
<msg timestamp="20220802 09:46:35.406" level="INFO">${TempLastName} = NtNRSEfo</msg>
<status status="PASS" starttime="20220802 09:46:35.406" endtime="20220802 09:46:35.406"></status>
</kw>
<kw name="Set Test Variable" library="BuiltIn">
<doc>Makes a variable available everywhere within the scope of the current test.</doc>
<arguments>
<arg>${TempLastName}</arg>
</arguments>
<msg timestamp="20220802 09:46:35.406" level="INFO">${TempLastName} = NtNRSEfo</msg>
<status status="PASS" starttime="20220802 09:46:35.406" endtime="20220802 09:46:35.406"></status>
</kw>
<kw name="Input Text" library="SeleniumLibrary">
<doc>Types the given ``text`` into the text field identified by ``locator``.</doc>
<arguments>
<arg>${LastName}</arg>
<arg>${TempLastName}</arg>
</arguments>
<msg timestamp="20220802 09:46:35.407" level="INFO">Typing text 'NtNRSEfo' into text field 'xpath=(//input[@type="text"])[6]'.</msg>
<status status="PASS" starttime="20220802 09:46:35.407" endtime="20220802 09:46:35.498"></status>
</kw>
<kw name="Click Element" library="SeleniumLibrary">
<doc>Click the element identified by ``locator``.</doc>
<arguments>
<arg>${CreateEmail}</arg>
</arguments>
<msg timestamp="20220802 09:46:35.498" level="INFO">Clicking element 'xpath=(//input[@type="text"])[7]'.</msg>
<status status="PASS" starttime="20220802 09:46:35.498" endtime="20220802 09:46:35.539"></status>
</kw>
<kw name="Press Keys" library="SeleniumLibrary">
<doc>Simulates the user pressing key(s) to an element or on the active browser.</doc>
<arguments>
<arg>None</arg>
<arg>CTRL+V</arg>
</arguments>
<msg timestamp="20220802 09:46:35.539" level="INFO">Sending key(s) ('CTRL+V',) to page.</msg>
<msg timestamp="20220802 09:46:35.539" level="INFO">Pressing special key CONTROL down.</msg>
<msg timestamp="20220802 09:46:35.540" level="INFO">Sending key V</msg>
<msg timestamp="20220802 09:46:35.540" level="INFO">Releasing special key CONTROL.</msg>
<status status="PASS" starttime="20220802 09:46:35.539" endtime="20220802 09:46:35.560"></status>
</kw>
<kw name="Wait Until Page Contains Element" library="SeleniumLibrary">
<doc>Waits until the element ``locator`` appears on the current page.</doc>
<arguments>
<arg>${Address}</arg>
<arg>${MAX_WAIT}</arg>
</arguments>
<status status="PASS" starttime="20220802 09:46:35.560" endtime="20220802 09:46:35.568"></status>
</kw>
<kw name="Input Text" library="SeleniumLibrary">
<doc>Types the given ``text`` into the text field identified by ``locator``.</doc>
<arguments>
<arg>${Address}</arg>
<arg>123</arg>
</arguments>
<msg timestamp="20220802 09:46:35.568" level="INFO">Typing text '123' into text field 'xpath=(//input[@type="text"])[9]'.</msg>
<status status="PASS" starttime="20220802 09:46:35.568" endtime="20220802 09:46:35.623"></status>
</kw>
<kw name="Wait Until Page Contains Element" library="SeleniumLibrary">
<doc>Waits until the element ``locator`` appears on the current page.</doc>
<arguments>
<arg>${AddressSelection}</arg>
<arg>${MAX_WAIT}</arg>
</arguments>
<status status="PASS" starttime="20220802 09:46:35.624" endtime="20220802 09:46:36.923"></status>
</kw>
<kw name="Click Element" library="SeleniumLibrary">
<doc>Click the element identified by ``locator``.</doc>
<arguments>
<arg>${AddressSelection}</arg>
</arguments>
<msg timestamp="20220802 09:46:36.924" level="INFO">Clicking element 'xpath=(//div[@class="v-list-item__title"]/span[text()="123"])[1]'.</msg>
<status status="PASS" starttime="20220802 09:46:36.924" endtime="20220802 09:46:36.974"></status>
</kw>
<kw name="Wait Until Page Contains Element" library="SeleniumLibrary">
<doc>Waits until the element ``locator`` appears on the current page.</doc>
<arguments>
<arg>${ZipCode}</arg>
<arg>${MAX_WAIT}</arg>
</arguments>
<status status="PASS" starttime="20220802 09:46:36.975" endtime="20220802 09:46:36.983"></status>
</kw>
<kw name="Input Text" library="SeleniumLibrary">
<doc>Types the given ``text`` into the text field identified by ``locator``.</doc>
<arguments>
<arg>${ZipCode}</arg>
<arg>123456258</arg>
</arguments>
<msg timestamp="20220802 09:46:36.983" level="INFO">Typing text '123456258' into text field 'xpath=(//input[@type="text"])[13]'.</msg>
<status status="PASS" starttime="20220802 09:46:36.983" endtime="20220802 09:46:37.085"></status>
</kw>
<kw name="Click Element" library="SeleniumLibrary">
<doc>Click the element identified by ``locator``.</doc>
<arguments>
<arg>${Phone}</arg>
</arguments>
<msg timestamp="20220802 09:46:37.085" level="INFO">Clicking element 'xpath=(//input[@type="text"])[8]'.</msg>
<status status="PASS" starttime="20220802 09:46:37.085" endtime="20220802 09:46:37.124"></status>
</kw>
<kw name="Wait Until Page Contains Element" library="SeleniumLibrary">
<doc>Waits until the element ``locator`` appears on the current page.</doc>
<arguments>
<arg>${NextButton}</arg>
<arg>${MAX_WAIT}</arg>
</arguments>
<status status="PASS" starttime="20220802 09:46:37.124" endtime="20220802 09:46:37.137"></status>
</kw>
<kw name="Click Element" library="SeleniumLibrary">
<doc>Click the element identified by ``locator``.</doc>
<arguments>
<arg>${NextButton}</arg>
</arguments>
<msg timestamp="20220802 09:46:37.137" level="INFO">Clicking element 'xpath=//button[@type="button"]/span[text()=" Next "]'.</msg>
<status status="PASS" starttime="20220802 09:46:37.137" endtime="20220802 09:46:37.176"></status>
</kw>
<kw name="Wait Until Page Contains Element" library="SeleniumLibrary">
<doc>Waits until the element ``locator`` appears on the current page.</doc>
<arguments>
<arg>${SIN}</arg>
<arg>${MAX_WAIT}</arg>
</arguments>
<status status="PASS" starttime="20220802 09:46:37.176" endtime="20220802 09:46:37.181"></status>
</kw>
<kw name="Generate Random String" library="String">
<doc>Generates a string with a desired ``length`` from the given ``chars``.</doc>
<arguments>
<arg>4</arg>
<arg>[NUMBERS]</arg>
</arguments>
<assign>
<var>${SINFourDigits}</var>
</assign>
<msg timestamp="20220802 09:46:37.181" level="INFO">${SINFourDigits} = 8442</msg>
<status status="PASS" starttime="20220802 09:46:37.181" endtime="20220802 09:46:37.182"></status>
</kw>
<kw name="Set Test Variable" library="BuiltIn">
<doc>Makes a variable available everywhere within the scope of the current test.</doc>
<arguments>
<arg>${SINFourDigits}</arg>
</arguments>
<msg timestamp="20220802 09:46:37.182" level="INFO">${SINFourDigits} = 8442</msg>
<status status="PASS" starttime="20220802 09:46:37.182" endtime="20220802 09:46:37.182"></status>
</kw>
<kw name="Generate Random String" library="String">
<doc>Generates a string with a desired ``length`` from the given ``chars``.</doc>
<arguments>
<arg>5</arg>
<arg>[NUMBERS]</arg>
</arguments>
<assign>
<var>${FinalFirstFive}</var>
</assign>
<msg timestamp="20220802 09:46:37.182" level="INFO">${FinalFirstFive} = 44966</msg>
<status status="PASS" starttime="20220802 09:46:37.182" endtime="20220802 09:46:37.182"></status>
</kw>
<kw name="Log" library="BuiltIn">
<doc>Logs the given message with the given level.</doc>
<arguments>
<arg>${FinalFirstFive}</arg>
</arguments>
<msg timestamp="20220802 09:46:37.183" level="INFO">44966</msg>
<status status="PASS" starttime="20220802 09:46:37.183" endtime="20220802 09:46:37.183"></status>
</kw>
<kw name="Catenate" library="BuiltIn">
<doc>Catenates the given items together and returns the resulted string.</doc>
<arguments>
<arg>SEPARATOR=</arg>
<arg>${SINFourDigits}</arg>
<arg>${FinalFirstFive}</arg>
</arguments>
<assign>
<var>${FinalSIN}</var>
</assign>
<msg timestamp="20220802 09:46:37.183" level="INFO">${FinalSIN} = 844244966</msg>
<status status="PASS" starttime="20220802 09:46:37.183" endtime="20220802 09:46:37.183"></status>
</kw>
<kw name="Input Text" library="SeleniumLibrary">
<doc>Types the given ``text`` into the text field identified by ``locator``.</doc>
<arguments>
<arg>${SIN}</arg>
<arg>${FinalSIN}</arg>
</arguments>
<msg timestamp="20220802 09:46:37.184" level="INFO">Typing text '844244966' into text field 'xpath=(//input[@type="text"])[4]'.</msg>
<status status="PASS" starttime="20220802 09:46:37.183" endtime="20220802 09:46:37.232"></status>
</kw>
<kw name="Input Text" library="SeleniumLibrary">
<doc>Types the given ``text`` into the text field identified by ``locator``.</doc>
<arguments>
<arg>${DOB}</arg>
<arg>12121987</arg>
</arguments>
<msg timestamp="20220802 09:46:37.233" level="INFO">Typing text '12121987' into text field 'xpath=(//input[@type="text"])[6]'.</msg>
<status status="PASS" starttime="20220802 09:46:37.232" endtime="20220802 09:46:37.281"></status>
</kw>
<kw name="Click Element" library="SeleniumLibrary">
<doc>Click the element identified by ``locator``.</doc>
<arguments>
<arg>${EmpID}</arg>
</arguments>
<msg timestamp="20220802 09:46:37.282" level="INFO">Clicking element 'xpath=(//input[@type="text"])[5]'.</msg>
<status status="PASS" starttime="20220802 09:46:37.282" endtime="20220802 09:46:37.317"></status>
</kw>
<kw name="Wait Until Page Contains Element" library="SeleniumLibrary">
<doc>Waits until the element ``locator`` appears on the current page.</doc>
<arguments>
<arg>${AddInviteEmployee}</arg>
<arg>${MAX_WAIT}</arg>
</arguments>
<status status="PASS" starttime="20220802 09:46:37.317" endtime="20220802 09:46:37.324"></status>
</kw>
<kw name="Sleep" library="BuiltIn">
<doc>Pauses the test executed for the given time.</doc>
<arguments>
<arg>3s</arg>
</arguments>
<msg timestamp="20220802 09:46:40.325" level="INFO">Slept 3 seconds</msg>
<status status="PASS" starttime="20220802 09:46:37.325" endtime="20220802 09:46:40.325"></status>
</kw>
<kw name="Click Element" library="SeleniumLibrary">
<doc>Click the element identified by ``locator``.</doc>
<arguments>
<arg>${AddInviteEmployee}</arg>
</arguments>
<msg timestamp="20220802 09:46:40.326" level="INFO">Clicking element 'xpath=//button[@type="button"]/span[text()=" Add and invite employee "]'.</msg>
<status status="PASS" starttime="20220802 09:46:40.326" endtime="20220802 09:46:40.371"></status>
</kw>
<kw name="Sleep" library="BuiltIn">
<doc>Pauses the test executed for the given time.</doc>
<arguments>
<arg>5s</arg>
</arguments>
<msg timestamp="20220802 09:46:45.378" level="INFO">Slept 5 seconds</msg>
<status status="PASS" starttime="20220802 09:46:40.371" endtime="20220802 09:46:45.378"></status>
</kw>
<kw name="Wait Until Page Contains Element" library="SeleniumLibrary">
<doc>Waits until the element ``locator`` appears on the current page.</doc>
<arguments>
<arg>${ConfirmAddEmployee}</arg>
<arg>${MAX_WAIT}</arg>
</arguments>
<status status="PASS" starttime="20220802 09:46:45.379" endtime="20220802 09:46:45.388"></status>
</kw>
<kw name="Click Element" library="SeleniumLibrary">
<doc>Click the element identified by ``locator``.</doc>
<arguments>
<arg>${ConfirmAddEmployee}</arg>
</arguments>
<msg timestamp="20220802 09:46:45.388" level="INFO">Clicking element 'xpath=(//div[@class="v-card__actions custom-dialog-footer"]/button[@type="button"])[1]'.</msg>
<status status="PASS" starttime="20220802 09:46:45.388" endtime="20220802 09:46:45.415"></status>
</kw>
<kw name="Wait Until Page Contains Element" library="SeleniumLibrary">
<doc>Waits until the element ``locator`` appears on the current page.</doc>
<arguments>
<arg>${EmployeeAddedHeader}</arg>
<arg>${MAX_WAIT}</arg>
</arguments>
<status status="PASS" starttime="20220802 09:46:45.415" endtime="20220802 09:46:50.373"></status>
</kw>
<kw name="Wait Until Page Contains Element" library="SeleniumLibrary">
<doc>Waits until the element ``locator`` appears on the current page.</doc>
<arguments>
<arg>${DoneButton}</arg>
<arg>${MAX_WAIT}</arg>
</arguments>
<status status="PASS" starttime="20220802 09:46:50.373" endtime="20220802 09:46:50.381"></status>
</kw>
<kw name="Sleep" library="BuiltIn">
<doc>Pauses the test executed for the given time.</doc>
<arguments>
<arg>3s</arg>
</arguments>
<msg timestamp="20220802 09:46:53.395" level="INFO">Slept 3 seconds</msg>
<status status="PASS" starttime="20220802 09:46:50.381" endtime="20220802 09:46:53.395"></status>
</kw>
<kw name="Click Element" library="SeleniumLibrary">
<doc>Click the element identified by ``locator``.</doc>
<arguments>
<arg>${DoneButton}</arg>
</arguments>
<msg timestamp="20220802 09:46:53.396" level="INFO">Clicking element 'xpath=//button[@type="button"]/span[text()=" Done "]'.</msg>
<status status="PASS" starttime="20220802 09:46:53.395" endtime="20220802 09:46:53.448"></status>
</kw>
<kw name="Sleep" library="BuiltIn">
<doc>Pauses the test executed for the given time.</doc>
<arguments>
<arg>5s</arg>
</arguments>
<msg timestamp="20220802 09:46:58.457" level="INFO">Slept 5 seconds</msg>
<status status="PASS" starttime="20220802 09:46:53.449" endtime="20220802 09:46:58.457"></status>
</kw>
<kw name="Run Keyword And Ignore Error" library="BuiltIn">
<doc>Runs the given keyword with the given arguments and ignores possible error.</doc>
<arguments>
<arg>Click Element</arg>
<arg>xpath=//button[@type="button"]/span[text()=" Clear filter "]</arg>
</arguments>
<kw name="Click Element" library="SeleniumLibrary">
<doc>Click the element identified by ``locator``.</doc>
<arguments>
<arg>xpath=//button[@type="button"]/span[text()=" Clear filter "]</arg>
</arguments>
<msg timestamp="20220802 09:46:58.458" level="INFO">Clicking element 'xpath=//button[@type="button"]/span[text()=" Clear filter "]'.</msg>
<status status="PASS" starttime="20220802 09:46:58.458" endtime="20220802 09:46:58.503"></status>
</kw>
<status status="PASS" starttime="20220802 09:46:58.457" endtime="20220802 09:46:58.503"></status>
</kw>
<kw name="Sleep" library="BuiltIn">
<doc>Pauses the test executed for the given time.</doc>
<arguments>
<arg>5s</arg>
</arguments>
<msg timestamp="20220802 09:47:03.518" level="INFO">Slept 5 seconds</msg>
<status status="PASS" starttime="20220802 09:46:58.503" endtime="20220802 09:47:03.518"></status>
</kw>
<kw name="Wait Until Page Contains Element" library="SeleniumLibrary">
<doc>Waits until the element ``locator`` appears on the current page.</doc>
<arguments>
<arg>${SearchUser}</arg>
<arg>${MAX_WAIT}</arg>
</arguments>
<status status="PASS" starttime="20220802 09:47:03.519" endtime="20220802 09:47:03.527"></status>
</kw>
<kw name="Input Text" library="SeleniumLibrary">
<doc>Types the given ``text`` into the text field identified by ``locator``.</doc>
<arguments>
<arg>${SearchUser}</arg>
<arg>${TempLastName}</arg>
</arguments>
<msg timestamp="20220802 09:47:03.528" level="INFO">Typing text 'NtNRSEfo' into text field 'xpath=//input[@placeholder="Search by name or email"]'.</msg>
<status status="PASS" starttime="20220802 09:47:03.527" endtime="20220802 09:47:03.641"></status>
</kw>
<kw name="Wait Until Page Contains Element" library="SeleniumLibrary">
<doc>Waits until the element ``locator`` appears on the current page.</doc>
<arguments>
<arg>${EmployeeStatus}</arg>
<arg>${MAX_WAIT}</arg>
</arguments>
<status status="PASS" starttime="20220802 09:47:03.641" endtime="20220802 09:47:03.649"></status>
</kw>
<kw name="Click Element" library="SeleniumLibrary">
<doc>Click the element identified by ``locator``.</doc>
<arguments>
<arg>${EmployeeStatus}</arg>
</arguments>
<msg timestamp="20220802 09:47:03.650" level="INFO">Clicking element 'xpath=//input[@placeholder="Employee status"]'.</msg>
<status status="PASS" starttime="20220802 09:47:03.649" endtime="20220802 09:47:03.725"></status>
</kw>
<kw name="Wait Until Page Contains Element" library="SeleniumLibrary">
<doc>Waits until the element ``locator`` appears on the current page.</doc>
<arguments>
<arg>${LabelInvited}</arg>
<arg>${MAX_WAIT}</arg>
</arguments>
<status status="PASS" starttime="20220802 09:47:03.726" endtime="20220802 09:47:03.737"></status>
</kw>
<kw name="Click Element" library="SeleniumLibrary">
<doc>Click the element identified by ``locator``.</doc>
<arguments>
<arg>${LabelInvited}</arg>
</arguments>
<msg timestamp="20220802 09:47:03.737" level="INFO">Clicking element 'xpath=//label[text()="Invited"]'.</msg>
<status status="PASS" starttime="20220802 09:47:03.737" endtime="20220802 09:47:03.775"></status>
</kw>
<kw name="Sleep" library="BuiltIn">
<doc>Pauses the test executed for the given time.</doc>
<arguments>
<arg>1s</arg>
</arguments>
<msg timestamp="20220802 09:47:04.786" level="INFO">Slept 1 second</msg>
<status status="PASS" starttime="20220802 09:47:03.776" endtime="20220802 09:47:04.787"></status>
</kw>
<kw name="Click Element" library="SeleniumLibrary">
<doc>Click the element identified by ``locator``.</doc>
<arguments>
<arg>${ApplyFilterButton}</arg>
</arguments>
<msg timestamp="20220802 09:47:04.787" level="INFO">Clicking element 'xpath=//button[@type="button"]/span[text()=" Apply "]'.</msg>
<status status="PASS" starttime="20220802 09:47:04.787" endtime="20220802 09:47:04.851"></status>
</kw>
<kw name="Sleep" library="BuiltIn">
<doc>Pauses the test executed for the given time.</doc>
<arguments>
<arg>5s</arg>
</arguments>
<msg timestamp="20220802 09:47:09.852" level="INFO">Slept 5 seconds</msg>
<status status="PASS" starttime="20220802 09:47:04.851" endtime="20220802 09:47:09.852"></status>
</kw>
<kw name="Wait Until Page Contains Element" library="SeleniumLibrary">
<doc>Waits until the element ``locator`` appears on the current page.</doc>
<arguments>
<arg>xpath=(//p)[3]</arg>
<arg>${MAX_WAIT}</arg>
</arguments>
<status status="PASS" starttime="20220802 09:47:09.853" endtime="20220802 09:47:09.862"></status>
</kw>
<kw name="Get Text" library="SeleniumLibrary">
<doc>Returns the text value of the element identified by ``locator``.</doc>
<arguments>
<arg>xpath=(//p)[3]</arg>
</arguments>
<assign>
<var>${UserCreatedEmail}</var>
</assign>
<msg timestamp="20220802 09:47:09.875" level="INFO">${UserCreatedEmail} = piloji2783@logodez.com</msg>
<status status="PASS" starttime="20220802 09:47:09.862" endtime="20220802 09:47:09.875"></status>
</kw>
<kw name="Set Test Variable" library="BuiltIn">
<doc>Makes a variable available everywhere within the scope of the current test.</doc>
<arguments>
<arg>${UserCreatedEmail}</arg>
</arguments>
<msg timestamp="20220802 09:47:09.875" level="INFO">${UserCreatedEmail} = piloji2783@logodez.com</msg>
<status status="PASS" starttime="20220802 09:47:09.875" endtime="20220802 09:47:09.875"></status>
</kw>
<kw name="Log To Console" library="BuiltIn">
<doc>Logs the given message to the console.</doc>
<arguments>
<arg>${UserCreatedEmail}</arg>
</arguments>
<status status="PASS" starttime="20220802 09:47:09.875" endtime="20220802 09:47:09.876"></status>
</kw>
<kw name="Log" library="BuiltIn">
<doc>Logs the given message with the given level.</doc>
<arguments>
<arg>${UserCreatedEmail}</arg>
</arguments>
<msg timestamp="20220802 09:47:09.876" level="INFO">piloji2783@logodez.com</msg>
<status status="PASS" starttime="20220802 09:47:09.876" endtime="20220802 09:47:09.876"></status>
</kw>
<kw name="Close Browser" library="SeleniumLibrary">
<doc>Closes the current browser.</doc>
<status status="PASS" starttime="20220802 09:47:09.876" endtime="20220802 09:47:12.006"></status>
</kw>
<status status="PASS" starttime="20220802 09:45:37.242" endtime="20220802 09:47:12.006"></status>
</kw>
<kw name="${i} = 1" type="foritem">
<kw name="Open the Browser &amp; Application" library="AccountCreationKeywords">
<doc>This Keyword is used to Open the Browser &amp; Application</doc>
<kw name="Open Browser" library="SeleniumLibrary">
<doc>Opens a new browser instance to the optional ``url``.</doc>
<arguments>
<arg>url=${URL}</arg>
<arg>browser=${BROWSER}</arg>
</arguments>
<msg timestamp="20220802 09:47:12.007" level="INFO">Opening browser 'chrome' to base url 'https://temp-mail.org/en/'.</msg>
<status status="PASS" starttime="20220802 09:47:12.007" endtime="20220802 09:47:38.497"></status>
</kw>
<kw name="Maximize Browser Window" library="SeleniumLibrary">
<doc>Maximizes current browser window.</doc>
<status status="PASS" starttime="20220802 09:47:38.497" endtime="20220802 09:47:38.609"></status>
</kw>
<kw name="Capture Page Screenshot" library="SeleniumLibrary">
<doc>Takes a screenshot of the current page and embeds it into a log file.</doc>
<msg timestamp="20220802 09:47:38.829" level="INFO" html="yes">&lt;/td&gt;&lt;/tr&gt;&lt;tr&gt;&lt;td colspan="3"&gt;&lt;a href="selenium-screenshot-198.png"&gt;&lt;img src="selenium-screenshot-198.png" width="800px"&gt;&lt;/a&gt;</msg>
<status status="PASS" starttime="20220802 09:47:38.609" endtime="20220802 09:47:38.829"></status>
</kw>
<status status="PASS" starttime="20220802 09:47:12.007" endtime="20220802 09:47:38.829"></status>
</kw>
<kw name="Verify HomePage Is Loaded" library="AccountCreationKeywords">
<doc>This Keyword is used to Verify HomePage Is Loaded</doc>
<kw name="Wait Until Page Contains Element" library="SeleniumLibrary">
<doc>Waits until the element ``locator`` appears on the current page.</doc>
<arguments>
<arg>${HomePageHeader}</arg>
<arg>${MAX_WAIT}</arg>
</arguments>
<status status="PASS" starttime="20220802 09:47:38.830" endtime="20220802 09:47:38.838"></status>
</kw>
<kw name="Sleep" library="BuiltIn">
<doc>Pauses the test executed for the given time.</doc>
<arguments>
<arg>20s</arg>
</arguments>
<msg timestamp="20220802 09:47:58.840" level="INFO">Slept 20 seconds</msg>
<status status="PASS" starttime="20220802 09:47:38.838" endtime="20220802 09:47:58.840"></status>
</kw>
<kw name="Capture Page Screenshot" library="SeleniumLibrary">
<doc>Takes a screenshot of the current page and embeds it into a log file.</doc>
<msg timestamp="20220802 09:47:59.050" level="INFO" html="yes">&lt;/td&gt;&lt;/tr&gt;&lt;tr&gt;&lt;td colspan="3"&gt;&lt;a href="selenium-screenshot-199.png"&gt;&lt;img src="selenium-screenshot-199.png" width="800px"&gt;&lt;/a&gt;</msg>
<status status="PASS" starttime="20220802 09:47:58.840" endtime="20220802 09:47:59.051"></status>
</kw>
<status status="PASS" starttime="20220802 09:47:38.829" endtime="20220802 09:47:59.051"></status>
</kw>
<kw name="Wait Until Page Contains Element" library="SeleniumLibrary">
<doc>Waits until the element ``locator`` appears on the current page.</doc>
<arguments>
<arg>${HomePageHeader}</arg>
<arg>${MAX_WAIT}</arg>
</arguments>
<status status="PASS" starttime="20220802 09:47:59.051" endtime="20220802 09:47:59.056"></status>
</kw>
<kw name="Click Element" library="SeleniumLibrary">
<doc>Click the element identified by ``locator``.</doc>
<arguments>
<arg>${CopyEmail}</arg>
</arguments>
<msg timestamp="20220802 09:47:59.056" level="INFO">Clicking element 'xpath=//button[@id="click-to-copy"]'.</msg>
<status status="PASS" starttime="20220802 09:47:59.056" endtime="20220802 09:47:59.102"></status>
</kw>
<kw name="Open New Chrome Tab" library="AccountCreationKeywords">
<kw name="Execute Javascript" library="SeleniumLibrary">
<doc>Executes the given JavaScript code with possible arguments.</doc>
<arguments>
<arg>window.open('')</arg>
</arguments>
<msg timestamp="20220802 09:47:59.103" level="INFO">Executing JavaScript:
window.open('')
Without any arguments.</msg>
<status status="PASS" starttime="20220802 09:47:59.103" endtime="20220802 09:47:59.129"></status>
</kw>
<kw name="Get Window Titles" library="SeleniumLibrary">
<doc>Returns and logs titles of all windows of the selected browser.</doc>
<msg timestamp="20220802 09:47:59.199" level="INFO">Altogether 2 items.
1: Temp Mail - Disposable Temporary Email
2: undefined</msg>
<status status="PASS" starttime="20220802 09:47:59.129" endtime="20220802 09:47:59.199"></status>
</kw>
<kw name="Select Window" library="SeleniumLibrary">
<doc>DEPRECATED in SeleniumLibrary 4.0. , use `Switch Window` instead.</doc>
<arguments>
<arg>title=undefined</arg>
</arguments>
<status status="PASS" starttime="20220802 09:47:59.199" endtime="20220802 09:47:59.230"></status>
</kw>
<kw name="Sleep" library="BuiltIn">
<doc>Pauses the test executed for the given time.</doc>
<arguments>
<arg>5s</arg>
</arguments>
<msg timestamp="20220802 09:48:04.235" level="INFO">Slept 5 seconds</msg>
<status status="PASS" starttime="20220802 09:47:59.230" endtime="20220802 09:48:04.235"></status>
</kw>
<kw name="Go To" library="SeleniumLibrary">
<doc>Navigates the current browser window to the provided ``url``.</doc>
<arguments>
<arg>${NewURL}</arg>
</arguments>
<msg timestamp="20220802 09:48:04.236" level="INFO">Opening url 'https://test01.securesave.app'</msg>
<status status="PASS" starttime="20220802 09:48:04.235" endtime="20220802 09:48:04.592"></status>
</kw>
<kw name="Capture Page Screenshot" library="SeleniumLibrary">
<doc>Takes a screenshot of the current page and embeds it into a log file.</doc>
<msg timestamp="20220802 09:48:04.697" level="INFO" html="yes">&lt;/td&gt;&lt;/tr&gt;&lt;tr&gt;&lt;td colspan="3"&gt;&lt;a href="selenium-screenshot-200.png"&gt;&lt;img src="selenium-screenshot-200.png" width="800px"&gt;&lt;/a&gt;</msg>
<status status="PASS" starttime="20220802 09:48:04.592" endtime="20220802 09:48:04.697"></status>
</kw>
<status status="PASS" starttime="20220802 09:47:59.102" endtime="20220802 09:48:04.697"></status>
</kw>
<kw name="Wait Until Page Contains Element" library="SeleniumLibrary">
<doc>Waits until the element ``locator`` appears on the current page.</doc>
<arguments>
<arg>${SecureLoginPage}</arg>
<arg>${MAX_WAIT}</arg>
</arguments>
<status status="PASS" starttime="20220802 09:48:04.697" endtime="20220802 09:48:11.511"></status>
</kw>
<kw name="Wait Until Page Contains Element" library="SeleniumLibrary">
<doc>Waits until the element ``locator`` appears on the current page.</doc>
<arguments>
<arg>${SecureEmailInput}</arg>
<arg>${MAX_WAIT}</arg>
</arguments>
<status status="PASS" starttime="20220802 09:48:11.511" endtime="20220802 09:48:11.517"></status>
</kw>
<kw name="Input Text" library="SeleniumLibrary">
<doc>Types the given ``text`` into the text field identified by ``locator``.</doc>
<arguments>
<arg>${SecureEmailInput}</arg>
<arg>${SecureEmail}</arg>
</arguments>
<msg timestamp="20220802 09:48:11.517" level="INFO">Typing text 'loreli31@numbersgh.com' into text field 'xpath=//input[@id="email"]'.</msg>
<status status="PASS" starttime="20220802 09:48:11.517" endtime="20220802 09:48:11.669"></status>
</kw>
<kw name="Wait Until Page Contains Element" library="SeleniumLibrary">
<doc>Waits until the element ``locator`` appears on the current page.</doc>
<arguments>
<arg>${SecurePasswordInput}</arg>
<arg>${MAX_WAIT}</arg>
</arguments>
<status status="PASS" starttime="20220802 09:48:11.669" endtime="20220802 09:48:11.676"></status>
</kw>
<kw name="Input Text" library="SeleniumLibrary">
<doc>Types the given ``text`` into the text field identified by ``locator``.</doc>
<arguments>
<arg>${SecurePasswordInput}</arg>
<arg>${SecurePassword}</arg>
</arguments>
<msg timestamp="20220802 09:48:11.677" level="INFO">Typing text 'Secure*12' into text field 'xpath=//input[@id="password"]'.</msg>
<status status="PASS" starttime="20220802 09:48:11.676" endtime="20220802 09:48:11.763"></status>
</kw>
<kw name="Wait Until Page Contains Element" library="SeleniumLibrary">
<doc>Waits until the element ``locator`` appears on the current page.</doc>
<arguments>
<arg>${SecureLoginButton}</arg>
<arg>${MAX_WAIT}</arg>
</arguments>
<status status="PASS" starttime="20220802 09:48:11.763" endtime="20220802 09:48:11.772"></status>
</kw>
<kw name="Click Element" library="SeleniumLibrary">
<doc>Click the element identified by ``locator``.</doc>
<arguments>
<arg>${SecureLoginButton}</arg>
</arguments>
<msg timestamp="20220802 09:48:11.773" level="INFO">Clicking element 'xpath=//button[@type="button"]/span[text()=" Sign in "]'.</msg>
<status status="PASS" starttime="20220802 09:48:11.772" endtime="20220802 09:48:11.807"></status>
</kw>
<kw name="Wait Until Page Contains Element" library="SeleniumLibrary">
<doc>Waits until the element ``locator`` appears on the current page.</doc>
<arguments>
<arg>${SecureAccountSelectionPage}</arg>
<arg>${MAX_WAIT}</arg>
</arguments>
<status status="PASS" starttime="20220802 09:48:11.807" endtime="20220802 09:48:19.188"></status>
</kw>
<kw name="Wait Until Page Contains Element" library="SeleniumLibrary">
<doc>Waits until the element ``locator`` appears on the current page.</doc>
<arguments>
<arg>${AdminAccount}</arg>
<arg>${MAX_WAIT}</arg>
</arguments>
<status status="PASS" starttime="20220802 09:48:19.189" endtime="20220802 09:48:19.625"></status>
</kw>
<kw name="Click Element" library="SeleniumLibrary">
<doc>Click the element identified by ``locator``.</doc>
<arguments>
<arg>${AdminAccount}</arg>
</arguments>
<msg timestamp="20220802 09:48:19.625" level="INFO">Clicking element 'xpath=//div[text()=" Admin "]'.</msg>
<status status="PASS" starttime="20220802 09:48:19.625" endtime="20220802 09:48:19.702"></status>
</kw>
<kw name="Sleep" library="BuiltIn">
<doc>Pauses the test executed for the given time.</doc>
<arguments>
<arg>5s</arg>
</arguments>
<msg timestamp="20220802 09:48:24.713" level="INFO">Slept 5 seconds</msg>
<status status="PASS" starttime="20220802 09:48:19.703" endtime="20220802 09:48:24.713"></status>
</kw>
<kw name="Wait Until Page Contains Element" library="SeleniumLibrary">
<doc>Waits until the element ``locator`` appears on the current page.</doc>
<arguments>
<arg>${CancelOverlay}</arg>
<arg>${MAX_WAIT}</arg>
</arguments>
<status status="PASS" starttime="20220802 09:48:24.714" endtime="20220802 09:48:24.723"></status>
</kw>
<kw name="Click Element" library="SeleniumLibrary">
<doc>Click the element identified by ``locator``.</doc>
<arguments>
<arg>${CancelOverlay}</arg>
</arguments>
<msg timestamp="20220802 09:48:24.723" level="INFO">Clicking element 'xpath=//button[@type="button"]/span[text()=" Cancel "]'.</msg>
<status status="PASS" starttime="20220802 09:48:24.723" endtime="20220802 09:48:24.754"></status>
</kw>
<kw name="Wait Until Page Contains Element" library="SeleniumLibrary">
<doc>Waits until the element ``locator`` appears on the current page.</doc>
<arguments>
<arg>${EmployeesTab}</arg>
<arg>${MAX_WAIT}</arg>
</arguments>
<status status="PASS" starttime="20220802 09:48:24.754" endtime="20220802 09:48:24.764"></status>
</kw>
<kw name="Click Element" library="SeleniumLibrary">
<doc>Click the element identified by ``locator``.</doc>
<arguments>
<arg>${EmployeesTab}</arg>
</arguments>
<msg timestamp="20220802 09:48:24.764" level="INFO">Clicking element 'xpath=//div[@class="v-list-item__title"][text()="Employees"]'.</msg>
<status status="PASS" starttime="20220802 09:48:24.764" endtime="20220802 09:48:24.798"></status>
</kw>
<kw name="Sleep" library="BuiltIn">
<doc>Pauses the test executed for the given time.</doc>
<arguments>
<arg>5s</arg>
</arguments>
<msg timestamp="20220802 09:48:29.812" level="INFO">Slept 5 seconds</msg>
<status status="PASS" starttime="20220802 09:48:24.799" endtime="20220802 09:48:29.812"></status>
</kw>
<kw name="Wait Until Page Contains Element" library="SeleniumLibrary">
<doc>Waits until the element ``locator`` appears on the current page.</doc>
<arguments>
<arg>${AddEmployees}</arg>
<arg>${MAX_WAIT}</arg>
</arguments>
<status status="PASS" starttime="20220802 09:48:29.812" endtime="20220802 09:48:29.819"></status>
</kw>
<kw name="Click Element" library="SeleniumLibrary">
<doc>Click the element identified by ``locator``.</doc>
<arguments>
<arg>${AddEmployees}</arg>
</arguments>
<msg timestamp="20220802 09:48:29.819" level="INFO">Clicking element 'xpath=//button[@type="button"]/span[text()=" Add employees "]'.</msg>
<status status="PASS" starttime="20220802 09:48:29.819" endtime="20220802 09:48:29.862"></status>
</kw>
<kw name="Wait Until Page Contains Element" library="SeleniumLibrary">
<doc>Waits until the element ``locator`` appears on the current page.</doc>
<arguments>
<arg>${CreateIndividually}</arg>
<arg>${MAX_WAIT}</arg>
</arguments>
<status status="PASS" starttime="20220802 09:48:29.862" endtime="20220802 09:48:29.873"></status>
</kw>
<kw name="Click Element" library="SeleniumLibrary">
<doc>Click the element identified by ``locator``.</doc>
<arguments>
<arg>${CreateIndividually}</arg>
</arguments>
<msg timestamp="20220802 09:48:29.874" level="INFO">Clicking element 'xpath=//div[text()=" Create individually "]'.</msg>
<status status="PASS" starttime="20220802 09:48:29.873" endtime="20220802 09:48:29.971"></status>
</kw>
<kw name="Wait Until Page Contains Element" library="SeleniumLibrary">
<doc>Waits until the element ``locator`` appears on the current page.</doc>
<arguments>
<arg>${FirstName}</arg>
<arg>${MAX_WAIT}</arg>
</arguments>
<status status="PASS" starttime="20220802 09:48:29.971" endtime="20220802 09:48:29.980"></status>
</kw>
<kw name="Generate Random String" library="String">
<doc>Generates a string with a desired ``length`` from the given ``chars``.</doc>
<arguments>
<arg>8</arg>
<arg>[LETTERS]</arg>
</arguments>
<assign>
<var>${TempFirstName}</var>
</assign>
<msg timestamp="20220802 09:48:29.981" level="INFO">${TempFirstName} = LnmSOTRb</msg>
<status status="PASS" starttime="20220802 09:48:29.980" endtime="20220802 09:48:29.981"></status>
</kw>
<kw name="Set Test Variable" library="BuiltIn">
<doc>Makes a variable available everywhere within the scope of the current test.</doc>
<arguments>
<arg>${TempFirstName}</arg>
</arguments>
<msg timestamp="20220802 09:48:29.981" level="INFO">${TempFirstName} = LnmSOTRb</msg>
<status status="PASS" starttime="20220802 09:48:29.981" endtime="20220802 09:48:29.981"></status>
</kw>
<kw name="Input Text" library="SeleniumLibrary">
<doc>Types the given ``text`` into the text field identified by ``locator``.</doc>
<arguments>
<arg>${FirstName}</arg>
<arg>${TempFirstName}</arg>
</arguments>
<msg timestamp="20220802 09:48:29.981" level="INFO">Typing text 'LnmSOTRb' into text field 'xpath=(//input[@type="text"])[4]'.</msg>
<status status="PASS" starttime="20220802 09:48:29.981" endtime="20220802 09:48:30.067"></status>
</kw>
<kw name="Wait Until Page Contains Element" library="SeleniumLibrary">
<doc>Waits until the element ``locator`` appears on the current page.</doc>
<arguments>
<arg>${LastName}</arg>
<arg>${MAX_WAIT}</arg>
</arguments>
<status status="PASS" starttime="20220802 09:48:30.067" endtime="20220802 09:48:30.077"></status>
</kw>
<kw name="Generate Random String" library="String">
<doc>Generates a string with a desired ``length`` from the given ``chars``.</doc>
<arguments>
<arg>8</arg>
<arg>[LETTERS]</arg>
</arguments>
<assign>
<var>${TempLastName}</var>
</assign>
<msg timestamp="20220802 09:48:30.078" level="INFO">${TempLastName} = kCDDfLjg</msg>
<status status="PASS" starttime="20220802 09:48:30.077" endtime="20220802 09:48:30.078"></status>
</kw>
<kw name="Set Test Variable" library="BuiltIn">
<doc>Makes a variable available everywhere within the scope of the current test.</doc>
<arguments>
<arg>${TempLastName}</arg>
</arguments>
<msg timestamp="20220802 09:48:30.078" level="INFO">${TempLastName} = kCDDfLjg</msg>
<status status="PASS" starttime="20220802 09:48:30.078" endtime="20220802 09:48:30.078"></status>
</kw>
<kw name="Input Text" library="SeleniumLibrary">
<doc>Types the given ``text`` into the text field identified by ``locator``.</doc>
<arguments>
<arg>${LastName}</arg>
<arg>${TempLastName}</arg>
</arguments>
<msg timestamp="20220802 09:48:30.078" level="INFO">Typing text 'kCDDfLjg' into text field 'xpath=(//input[@type="text"])[6]'.</msg>
<status status="PASS" starttime="20220802 09:48:30.078" endtime="20220802 09:48:30.177"></status>
</kw>
<kw name="Click Element" library="SeleniumLibrary">
<doc>Click the element identified by ``locator``.</doc>
<arguments>
<arg>${CreateEmail}</arg>
</arguments>
<msg timestamp="20220802 09:48:30.178" level="INFO">Clicking element 'xpath=(//input[@type="text"])[7]'.</msg>
<status status="PASS" starttime="20220802 09:48:30.177" endtime="20220802 09:48:30.226"></status>
</kw>
<kw name="Press Keys" library="SeleniumLibrary">
<doc>Simulates the user pressing key(s) to an element or on the active browser.</doc>
<arguments>
<arg>None</arg>
<arg>CTRL+V</arg>
</arguments>
<msg timestamp="20220802 09:48:30.227" level="INFO">Sending key(s) ('CTRL+V',) to page.</msg>
<msg timestamp="20220802 09:48:30.227" level="INFO">Pressing special key CONTROL down.</msg>
<msg timestamp="20220802 09:48:30.227" level="INFO">Sending key V</msg>
<msg timestamp="20220802 09:48:30.227" level="INFO">Releasing special key CONTROL.</msg>
<status status="PASS" starttime="20220802 09:48:30.226" endtime="20220802 09:48:30.250"></status>
</kw>
<kw name="Wait Until Page Contains Element" library="SeleniumLibrary">
<doc>Waits until the element ``locator`` appears on the current page.</doc>
<arguments>
<arg>${Address}</arg>
<arg>${MAX_WAIT}</arg>
</arguments>
<status status="PASS" starttime="20220802 09:48:30.250" endtime="20220802 09:48:30.258"></status>
</kw>
<kw name="Input Text" library="SeleniumLibrary">
<doc>Types the given ``text`` into the text field identified by ``locator``.</doc>
<arguments>
<arg>${Address}</arg>
<arg>123</arg>
</arguments>
<msg timestamp="20220802 09:48:30.258" level="INFO">Typing text '123' into text field 'xpath=(//input[@type="text"])[9]'.</msg>
<status status="PASS" starttime="20220802 09:48:30.258" endtime="20220802 09:48:30.313"></status>
</kw>
<kw name="Wait Until Page Contains Element" library="SeleniumLibrary">
<doc>Waits until the element ``locator`` appears on the current page.</doc>
<arguments>
<arg>${AddressSelection}</arg>
<arg>${MAX_WAIT}</arg>
</arguments>
<status status="PASS" starttime="20220802 09:48:30.313" endtime="20220802 09:48:31.181"></status>
</kw>
<kw name="Click Element" library="SeleniumLibrary">
<doc>Click the element identified by ``locator``.</doc>
<arguments>
<arg>${AddressSelection}</arg>
</arguments>
<msg timestamp="20220802 09:48:31.181" level="INFO">Clicking element 'xpath=(//div[@class="v-list-item__title"]/span[text()="123"])[1]'.</msg>
<status status="PASS" starttime="20220802 09:48:31.181" endtime="20220802 09:48:31.229"></status>
</kw>
<kw name="Wait Until Page Contains Element" library="SeleniumLibrary">
<doc>Waits until the element ``locator`` appears on the current page.</doc>
<arguments>
<arg>${ZipCode}</arg>
<arg>${MAX_WAIT}</arg>
</arguments>
<status status="PASS" starttime="20220802 09:48:31.229" endtime="20220802 09:48:31.237"></status>
</kw>
<kw name="Input Text" library="SeleniumLibrary">
<doc>Types the given ``text`` into the text field identified by ``locator``.</doc>
<arguments>
<arg>${ZipCode}</arg>
<arg>123456258</arg>
</arguments>
<msg timestamp="20220802 09:48:31.238" level="INFO">Typing text '123456258' into text field 'xpath=(//input[@type="text"])[13]'.</msg>
<status status="PASS" starttime="20220802 09:48:31.237" endtime="20220802 09:48:31.345"></status>
</kw>
<kw name="Click Element" library="SeleniumLibrary">
<doc>Click the element identified by ``locator``.</doc>
<arguments>
<arg>${Phone}</arg>
</arguments>
<msg timestamp="20220802 09:48:31.345" level="INFO">Clicking element 'xpath=(//input[@type="text"])[8]'.</msg>
<status status="PASS" starttime="20220802 09:48:31.345" endtime="20220802 09:48:31.387"></status>
</kw>
<kw name="Wait Until Page Contains Element" library="SeleniumLibrary">
<doc>Waits until the element ``locator`` appears on the current page.</doc>
<arguments>
<arg>${NextButton}</arg>
<arg>${MAX_WAIT}</arg>
</arguments>
<status status="PASS" starttime="20220802 09:48:31.388" endtime="20220802 09:48:31.398"></status>
</kw>
<kw name="Click Element" library="SeleniumLibrary">
<doc>Click the element identified by ``locator``.</doc>
<arguments>
<arg>${NextButton}</arg>
</arguments>
<msg timestamp="20220802 09:48:31.399" level="INFO">Clicking element 'xpath=//button[@type="button"]/span[text()=" Next "]'.</msg>
<status status="PASS" starttime="20220802 09:48:31.398" endtime="20220802 09:48:31.439"></status>
</kw>
<kw name="Wait Until Page Contains Element" library="SeleniumLibrary">
<doc>Waits until the element ``locator`` appears on the current page.</doc>
<arguments>
<arg>${SIN}</arg>
<arg>${MAX_WAIT}</arg>
</arguments>
<status status="PASS" starttime="20220802 09:48:31.439" endtime="20220802 09:48:31.444"></status>
</kw>
<kw name="Generate Random String" library="String">
<doc>Generates a string with a desired ``length`` from the given ``chars``.</doc>
<arguments>
<arg>4</arg>
<arg>[NUMBERS]</arg>
</arguments>
<assign>
<var>${SINFourDigits}</var>
</assign>
<msg timestamp="20220802 09:48:31.444" level="INFO">${SINFourDigits} = 8817</msg>
<status status="PASS" starttime="20220802 09:48:31.444" endtime="20220802 09:48:31.444"></status>
</kw>
<kw name="Set Test Variable" library="BuiltIn">
<doc>Makes a variable available everywhere within the scope of the current test.</doc>
<arguments>
<arg>${SINFourDigits}</arg>
</arguments>
<msg timestamp="20220802 09:48:31.445" level="INFO">${SINFourDigits} = 8817</msg>
<status status="PASS" starttime="20220802 09:48:31.445" endtime="20220802 09:48:31.445"></status>
</kw>
<kw name="Generate Random String" library="String">
<doc>Generates a string with a desired ``length`` from the given ``chars``.</doc>
<arguments>
<arg>5</arg>
<arg>[NUMBERS]</arg>
</arguments>
<assign>
<var>${FinalFirstFive}</var>
</assign>
<msg timestamp="20220802 09:48:31.445" level="INFO">${FinalFirstFive} = 90593</msg>
<status status="PASS" starttime="20220802 09:48:31.445" endtime="20220802 09:48:31.445"></status>
</kw>
<kw name="Log" library="BuiltIn">
<doc>Logs the given message with the given level.</doc>
<arguments>
<arg>${FinalFirstFive}</arg>
</arguments>
<msg timestamp="20220802 09:48:31.446" level="INFO">90593</msg>
<status status="PASS" starttime="20220802 09:48:31.446" endtime="20220802 09:48:31.446"></status>
</kw>
<kw name="Catenate" library="BuiltIn">
<doc>Catenates the given items together and returns the resulted string.</doc>
<arguments>
<arg>SEPARATOR=</arg>
<arg>${SINFourDigits}</arg>
<arg>${FinalFirstFive}</arg>
</arguments>
<assign>
<var>${FinalSIN}</var>
</assign>
<msg timestamp="20220802 09:48:31.446" level="INFO">${FinalSIN} = 881790593</msg>
<status status="PASS" starttime="20220802 09:48:31.446" endtime="20220802 09:48:31.446"></status>
</kw>
<kw name="Input Text" library="SeleniumLibrary">
<doc>Types the given ``text`` into the text field identified by ``locator``.</doc>
<arguments>
<arg>${SIN}</arg>
<arg>${FinalSIN}</arg>
</arguments>
<msg timestamp="20220802 09:48:31.447" level="INFO">Typing text '881790593' into text field 'xpath=(//input[@type="text"])[4]'.</msg>
<status status="PASS" starttime="20220802 09:48:31.446" endtime="20220802 09:48:31.494"></status>
</kw>
<kw name="Input Text" library="SeleniumLibrary">
<doc>Types the given ``text`` into the text field identified by ``locator``.</doc>
<arguments>
<arg>${DOB}</arg>
<arg>12121987</arg>
</arguments>
<msg timestamp="20220802 09:48:31.495" level="INFO">Typing text '12121987' into text field 'xpath=(//input[@type="text"])[6]'.</msg>
<status status="PASS" starttime="20220802 09:48:31.495" endtime="20220802 09:48:31.546"></status>
</kw>
<kw name="Click Element" library="SeleniumLibrary">
<doc>Click the element identified by ``locator``.</doc>
<arguments>
<arg>${EmpID}</arg>
</arguments>
<msg timestamp="20220802 09:48:31.547" level="INFO">Clicking element 'xpath=(//input[@type="text"])[5]'.</msg>
<status status="PASS" starttime="20220802 09:48:31.547" endtime="20220802 09:48:31.584"></status>
</kw>
<kw name="Wait Until Page Contains Element" library="SeleniumLibrary">
<doc>Waits until the element ``locator`` appears on the current page.</doc>
<arguments>
<arg>${AddInviteEmployee}</arg>
<arg>${MAX_WAIT}</arg>
</arguments>
<status status="PASS" starttime="20220802 09:48:31.585" endtime="20220802 09:48:31.592"></status>
</kw>
<kw name="Sleep" library="BuiltIn">
<doc>Pauses the test executed for the given time.</doc>
<arguments>
<arg>3s</arg>
</arguments>
<msg timestamp="20220802 09:48:34.594" level="INFO">Slept 3 seconds</msg>
<status status="PASS" starttime="20220802 09:48:31.592" endtime="20220802 09:48:34.594"></status>
</kw>
<kw name="Click Element" library="SeleniumLibrary">
<doc>Click the element identified by ``locator``.</doc>
<arguments>
<arg>${AddInviteEmployee}</arg>
</arguments>
<msg timestamp="20220802 09:48:34.595" level="INFO">Clicking element 'xpath=//button[@type="button"]/span[text()=" Add and invite employee "]'.</msg>
<status status="PASS" starttime="20220802 09:48:34.595" endtime="20220802 09:48:34.639"></status>
</kw>
<kw name="Sleep" library="BuiltIn">
<doc>Pauses the test executed for the given time.</doc>
<arguments>
<arg>5s</arg>
</arguments>
<msg timestamp="20220802 09:48:39.654" level="INFO">Slept 5 seconds</msg>
<status status="PASS" starttime="20220802 09:48:34.639" endtime="20220802 09:48:39.654"></status>
</kw>
<kw name="Wait Until Page Contains Element" library="SeleniumLibrary">
<doc>Waits until the element ``locator`` appears on the current page.</doc>
<arguments>
<arg>${ConfirmAddEmployee}</arg>
<arg>${MAX_WAIT}</arg>
</arguments>
<status status="PASS" starttime="20220802 09:48:39.654" endtime="20220802 09:48:39.664"></status>
</kw>
<kw name="Click Element" library="SeleniumLibrary">
<doc>Click the element identified by ``locator``.</doc>
<arguments>
<arg>${ConfirmAddEmployee}</arg>
</arguments>
<msg timestamp="20220802 09:48:39.665" level="INFO">Clicking element 'xpath=(//div[@class="v-card__actions custom-dialog-footer"]/button[@type="button"])[1]'.</msg>
<status status="PASS" starttime="20220802 09:48:39.664" endtime="20220802 09:48:39.693"></status>
</kw>
<kw name="Wait Until Page Contains Element" library="SeleniumLibrary">
<doc>Waits until the element ``locator`` appears on the current page.</doc>
<arguments>
<arg>${EmployeeAddedHeader}</arg>
<arg>${MAX_WAIT}</arg>
</arguments>
<status status="PASS" starttime="20220802 09:48:39.694" endtime="20220802 09:48:42.021"></status>
</kw>
<kw name="Wait Until Page Contains Element" library="SeleniumLibrary">
<doc>Waits until the element ``locator`` appears on the current page.</doc>
<arguments>
<arg>${DoneButton}</arg>
<arg>${MAX_WAIT}</arg>
</arguments>
<status status="PASS" starttime="20220802 09:48:42.021" endtime="20220802 09:48:42.030"></status>
</kw>
<kw name="Sleep" library="BuiltIn">
<doc>Pauses the test executed for the given time.</doc>
<arguments>
<arg>3s</arg>
</arguments>
<msg timestamp="20220802 09:48:45.038" level="INFO">Slept 3 seconds</msg>
<status status="PASS" starttime="20220802 09:48:42.030" endtime="20220802 09:48:45.038"></status>
</kw>
<kw name="Click Element" library="SeleniumLibrary">
<doc>Click the element identified by ``locator``.</doc>
<arguments>
<arg>${DoneButton}</arg>
</arguments>
<msg timestamp="20220802 09:48:45.039" level="INFO">Clicking element 'xpath=//button[@type="button"]/span[text()=" Done "]'.</msg>
<status status="PASS" starttime="20220802 09:48:45.039" endtime="20220802 09:48:45.102"></status>
</kw>
<kw name="Sleep" library="BuiltIn">
<doc>Pauses the test executed for the given time.</doc>
<arguments>
<arg>5s</arg>
</arguments>
<msg timestamp="20220802 09:48:50.112" level="INFO">Slept 5 seconds</msg>
<status status="PASS" starttime="20220802 09:48:45.102" endtime="20220802 09:48:50.112"></status>
</kw>
<kw name="Run Keyword And Ignore Error" library="BuiltIn">
<doc>Runs the given keyword with the given arguments and ignores possible error.</doc>
<arguments>
<arg>Click Element</arg>
<arg>xpath=//button[@type="button"]/span[text()=" Clear filter "]</arg>
</arguments>
<kw name="Click Element" library="SeleniumLibrary">
<doc>Click the element identified by ``locator``.</doc>
<arguments>
<arg>xpath=//button[@type="button"]/span[text()=" Clear filter "]</arg>
</arguments>
<msg timestamp="20220802 09:48:50.114" level="INFO">Clicking element 'xpath=//button[@type="button"]/span[text()=" Clear filter "]'.</msg>
<status status="PASS" starttime="20220802 09:48:50.113" endtime="20220802 09:48:50.163"></status>
</kw>
<status status="PASS" starttime="20220802 09:48:50.113" endtime="20220802 09:48:50.163"></status>
</kw>
<kw name="Sleep" library="BuiltIn">
<doc>Pauses the test executed for the given time.</doc>
<arguments>
<arg>5s</arg>
</arguments>
<msg timestamp="20220802 09:48:55.168" level="INFO">Slept 5 seconds</msg>
<status status="PASS" starttime="20220802 09:48:50.163" endtime="20220802 09:48:55.168"></status>
</kw>
<kw name="Wait Until Page Contains Element" library="SeleniumLibrary">
<doc>Waits until the element ``locator`` appears on the current page.</doc>
<arguments>
<arg>${SearchUser}</arg>
<arg>${MAX_WAIT}</arg>
</arguments>
<status status="PASS" starttime="20220802 09:48:55.168" endtime="20220802 09:48:55.176"></status>
</kw>
<kw name="Input Text" library="SeleniumLibrary">
<doc>Types the given ``text`` into the text field identified by ``locator``.</doc>
<arguments>
<arg>${SearchUser}</arg>
<arg>${TempLastName}</arg>
</arguments>
<msg timestamp="20220802 09:48:55.176" level="INFO">Typing text 'kCDDfLjg' into text field 'xpath=//input[@placeholder="Search by name or email"]'.</msg>
<status status="PASS" starttime="20220802 09:48:55.176" endtime="20220802 09:48:55.290"></status>
</kw>
<kw name="Wait Until Page Contains Element" library="SeleniumLibrary">
<doc>Waits until the element ``locator`` appears on the current page.</doc>
<arguments>
<arg>${EmployeeStatus}</arg>
<arg>${MAX_WAIT}</arg>
</arguments>
<status status="PASS" starttime="20220802 09:48:55.291" endtime="20220802 09:48:55.301"></status>
</kw>
<kw name="Click Element" library="SeleniumLibrary">
<doc>Click the element identified by ``locator``.</doc>
<arguments>
<arg>${EmployeeStatus}</arg>
</arguments>
<msg timestamp="20220802 09:48:55.302" level="INFO">Clicking element 'xpath=//input[@placeholder="Employee status"]'.</msg>
<status status="PASS" starttime="20220802 09:48:55.301" endtime="20220802 09:48:55.399"></status>
</kw>
<kw name="Wait Until Page Contains Element" library="SeleniumLibrary">
<doc>Waits until the element ``locator`` appears on the current page.</doc>
<arguments>
<arg>${LabelInvited}</arg>
<arg>${MAX_WAIT}</arg>
</arguments>
<status status="PASS" starttime="20220802 09:48:55.400" endtime="20220802 09:48:55.417"></status>
</kw>
<kw name="Click Element" library="SeleniumLibrary">
<doc>Click the element identified by ``locator``.</doc>
<arguments>
<arg>${LabelInvited}</arg>
</arguments>
<msg timestamp="20220802 09:48:55.418" level="INFO">Clicking element 'xpath=//label[text()="Invited"]'.</msg>
<status status="PASS" starttime="20220802 09:48:55.418" endtime="20220802 09:48:55.480"></status>
</kw>
<kw name="Sleep" library="BuiltIn">
<doc>Pauses the test executed for the given time.</doc>
<arguments>
<arg>1s</arg>
</arguments>
<msg timestamp="20220802 09:48:56.481" level="INFO">Slept 1 second</msg>
<status status="PASS" starttime="20220802 09:48:55.480" endtime="20220802 09:48:56.481"></status>
</kw>
<kw name="Click Element" library="SeleniumLibrary">
<doc>Click the element identified by ``locator``.</doc>
<arguments>
<arg>${ApplyFilterButton}</arg>
</arguments>
<msg timestamp="20220802 09:48:56.482" level="INFO">Clicking element 'xpath=//button[@type="button"]/span[text()=" Apply "]'.</msg>
<status status="PASS" starttime="20220802 09:48:56.482" endtime="20220802 09:48:56.527"></status>
</kw>
<kw name="Sleep" library="BuiltIn">
<doc>Pauses the test executed for the given time.</doc>
<arguments>
<arg>5s</arg>
</arguments>
<msg timestamp="20220802 09:49:01.528" level="INFO">Slept 5 seconds</msg>
<status status="PASS" starttime="20220802 09:48:56.527" endtime="20220802 09:49:01.528"></status>
</kw>
<kw name="Wait Until Page Contains Element" library="SeleniumLibrary">
<doc>Waits until the element ``locator`` appears on the current page.</doc>
<arguments>
<arg>xpath=(//p)[3]</arg>
<arg>${MAX_WAIT}</arg>
</arguments>
<status status="PASS" starttime="20220802 09:49:01.529" endtime="20220802 09:49:01.537"></status>
</kw>
<kw name="Get Text" library="SeleniumLibrary">
<doc>Returns the text value of the element identified by ``locator``.</doc>
<arguments>
<arg>xpath=(//p)[3]</arg>
</arguments>
<assign>
<var>${UserCreatedEmail}</var>
</assign>
<msg timestamp="20220802 09:49:01.547" level="INFO">${UserCreatedEmail} = cogeri4148@aregods.com</msg>
<status status="PASS" starttime="20220802 09:49:01.537" endtime="20220802 09:49:01.547"></status>
</kw>
<kw name="Set Test Variable" library="BuiltIn">
<doc>Makes a variable available everywhere within the scope of the current test.</doc>
<arguments>
<arg>${UserCreatedEmail}</arg>
</arguments>
<msg timestamp="20220802 09:49:01.547" level="INFO">${UserCreatedEmail} = cogeri4148@aregods.com</msg>
<status status="PASS" starttime="20220802 09:49:01.547" endtime="20220802 09:49:01.547"></status>
</kw>
<kw name="Log To Console" library="BuiltIn">
<doc>Logs the given message to the console.</doc>
<arguments>
<arg>${UserCreatedEmail}</arg>
</arguments>
<status status="PASS" starttime="20220802 09:49:01.547" endtime="20220802 09:49:01.548"></status>
</kw>
<kw name="Log" library="BuiltIn">
<doc>Logs the given message with the given level.</doc>
<arguments>
<arg>${UserCreatedEmail}</arg>
</arguments>
<msg timestamp="20220802 09:49:01.548" level="INFO">cogeri4148@aregods.com</msg>
<status status="PASS" starttime="20220802 09:49:01.548" endtime="20220802 09:49:01.548"></status>
</kw>
<kw name="Close Browser" library="SeleniumLibrary">
<doc>Closes the current browser.</doc>
<status status="PASS" starttime="20220802 09:49:01.548" endtime="20220802 09:49:03.725"></status>
</kw>
<status status="PASS" starttime="20220802 09:47:12.006" endtime="20220802 09:49:03.725"></status>
</kw>
<kw name="${i} = 2" type="foritem">
<kw name="Open the Browser &amp; Application" library="AccountCreationKeywords">
<doc>This Keyword is used to Open the Browser &amp; Application</doc>
<kw name="Open Browser" library="SeleniumLibrary">
<doc>Opens a new browser instance to the optional ``url``.</doc>
<arguments>
<arg>url=${URL}</arg>
<arg>browser=${BROWSER}</arg>
</arguments>
<msg timestamp="20220802 09:49:03.726" level="INFO">Opening browser 'chrome' to base url 'https://temp-mail.org/en/'.</msg>
<status status="PASS" starttime="20220802 09:49:03.726" endtime="20220802 09:49:07.841"></status>
</kw>
<kw name="Maximize Browser Window" library="SeleniumLibrary">
<doc>Maximizes current browser window.</doc>
<status status="PASS" starttime="20220802 09:49:07.841" endtime="20220802 09:49:07.951"></status>
</kw>
<kw name="Capture Page Screenshot" library="SeleniumLibrary">
<doc>Takes a screenshot of the current page and embeds it into a log file.</doc>
<msg timestamp="20220802 09:49:08.107" level="INFO" html="yes">&lt;/td&gt;&lt;/tr&gt;&lt;tr&gt;&lt;td colspan="3"&gt;&lt;a href="selenium-screenshot-201.png"&gt;&lt;img src="selenium-screenshot-201.png" width="800px"&gt;&lt;/a&gt;</msg>
<status status="PASS" starttime="20220802 09:49:07.951" endtime="20220802 09:49:08.107"></status>
</kw>
<status status="PASS" starttime="20220802 09:49:03.726" endtime="20220802 09:49:08.108"></status>
</kw>
<kw name="Verify HomePage Is Loaded" library="AccountCreationKeywords">
<doc>This Keyword is used to Verify HomePage Is Loaded</doc>
<kw name="Wait Until Page Contains Element" library="SeleniumLibrary">
<doc>Waits until the element ``locator`` appears on the current page.</doc>
<arguments>
<arg>${HomePageHeader}</arg>
<arg>${MAX_WAIT}</arg>
</arguments>
<status status="PASS" starttime="20220802 09:49:08.108" endtime="20220802 09:49:08.116"></status>
</kw>
<kw name="Sleep" library="BuiltIn">
<doc>Pauses the test executed for the given time.</doc>
<arguments>
<arg>20s</arg>
</arguments>
<msg timestamp="20220802 09:49:28.123" level="INFO">Slept 20 seconds</msg>
<status status="PASS" starttime="20220802 09:49:08.116" endtime="20220802 09:49:28.123"></status>
</kw>
<kw name="Capture Page Screenshot" library="SeleniumLibrary">
<doc>Takes a screenshot of the current page and embeds it into a log file.</doc>
<msg timestamp="20220802 09:49:28.380" level="INFO" html="yes">&lt;/td&gt;&lt;/tr&gt;&lt;tr&gt;&lt;td colspan="3"&gt;&lt;a href="selenium-screenshot-202.png"&gt;&lt;img src="selenium-screenshot-202.png" width="800px"&gt;&lt;/a&gt;</msg>
<status status="PASS" starttime="20220802 09:49:28.123" endtime="20220802 09:49:28.381"></status>
</kw>
<status status="PASS" starttime="20220802 09:49:08.108" endtime="20220802 09:49:28.381"></status>
</kw>
<kw name="Wait Until Page Contains Element" library="SeleniumLibrary">
<doc>Waits until the element ``locator`` appears on the current page.</doc>
<arguments>
<arg>${HomePageHeader}</arg>
<arg>${MAX_WAIT}</arg>
</arguments>
<status status="PASS" starttime="20220802 09:49:28.381" endtime="20220802 09:49:28.389"></status>
</kw>
<kw name="Click Element" library="SeleniumLibrary">
<doc>Click the element identified by ``locator``.</doc>
<arguments>
<arg>${CopyEmail}</arg>
</arguments>
<msg timestamp="20220802 09:49:28.389" level="INFO">Clicking element 'xpath=//button[@id="click-to-copy"]'.</msg>
<status status="PASS" starttime="20220802 09:49:28.389" endtime="20220802 09:49:28.433"></status>
</kw>
<kw name="Open New Chrome Tab" library="AccountCreationKeywords">
<kw name="Execute Javascript" library="SeleniumLibrary">
<doc>Executes the given JavaScript code with possible arguments.</doc>
<arguments>
<arg>window.open('')</arg>
</arguments>
<msg timestamp="20220802 09:49:28.434" level="INFO">Executing JavaScript:
window.open('')
Without any arguments.</msg>
<status status="PASS" starttime="20220802 09:49:28.434" endtime="20220802 09:49:28.456"></status>
</kw>
<kw name="Get Window Titles" library="SeleniumLibrary">
<doc>Returns and logs titles of all windows of the selected browser.</doc>
<msg timestamp="20220802 09:49:28.514" level="INFO">Altogether 2 items.
1: Temp Mail - Disposable Temporary Email
2: undefined</msg>
<status status="PASS" starttime="20220802 09:49:28.457" endtime="20220802 09:49:28.515"></status>
</kw>
<kw name="Select Window" library="SeleniumLibrary">
<doc>DEPRECATED in SeleniumLibrary 4.0. , use `Switch Window` instead.</doc>
<arguments>
<arg>title=undefined</arg>
</arguments>
<status status="PASS" starttime="20220802 09:49:28.515" endtime="20220802 09:49:28.542"></status>
</kw>
<kw name="Sleep" library="BuiltIn">
<doc>Pauses the test executed for the given time.</doc>
<arguments>
<arg>5s</arg>
</arguments>
<msg timestamp="20220802 09:49:33.544" level="INFO">Slept 5 seconds</msg>
<status status="PASS" starttime="20220802 09:49:28.543" endtime="20220802 09:49:33.544"></status>
</kw>
<kw name="Go To" library="SeleniumLibrary">
<doc>Navigates the current browser window to the provided ``url``.</doc>
<arguments>
<arg>${NewURL}</arg>
</arguments>
<msg timestamp="20220802 09:49:33.545" level="INFO">Opening url 'https://test01.securesave.app'</msg>
<status status="PASS" starttime="20220802 09:49:33.544" endtime="20220802 09:49:33.924"></status>
</kw>
<kw name="Capture Page Screenshot" library="SeleniumLibrary">
<doc>Takes a screenshot of the current page and embeds it into a log file.</doc>
<msg timestamp="20220802 09:49:34.035" level="INFO" html="yes">&lt;/td&gt;&lt;/tr&gt;&lt;tr&gt;&lt;td colspan="3"&gt;&lt;a href="selenium-screenshot-203.png"&gt;&lt;img src="selenium-screenshot-203.png" width="800px"&gt;&lt;/a&gt;</msg>
<status status="PASS" starttime="20220802 09:49:33.924" endtime="20220802 09:49:34.035"></status>
</kw>
<status status="PASS" starttime="20220802 09:49:28.433" endtime="20220802 09:49:34.035"></status>
</kw>
<kw name="Wait Until Page Contains Element" library="SeleniumLibrary">
<doc>Waits until the element ``locator`` appears on the current page.</doc>
<arguments>
<arg>${SecureLoginPage}</arg>
<arg>${MAX_WAIT}</arg>
</arguments>
<status status="PASS" starttime="20220802 09:49:34.035" endtime="20220802 09:49:40.663"></status>
</kw>
<kw name="Wait Until Page Contains Element" library="SeleniumLibrary">
<doc>Waits until the element ``locator`` appears on the current page.</doc>
<arguments>
<arg>${SecureEmailInput}</arg>
<arg>${MAX_WAIT}</arg>
</arguments>
<status status="PASS" starttime="20220802 09:49:40.663" endtime="20220802 09:49:40.670"></status>
</kw>
<kw name="Input Text" library="SeleniumLibrary">
<doc>Types the given ``text`` into the text field identified by ``locator``.</doc>
<arguments>
<arg>${SecureEmailInput}</arg>
<arg>${SecureEmail}</arg>
</arguments>
<msg timestamp="20220802 09:49:40.670" level="INFO">Typing text 'loreli31@numbersgh.com' into text field 'xpath=//input[@id="email"]'.</msg>
<status status="PASS" starttime="20220802 09:49:40.670" endtime="20220802 09:49:40.824"></status>
</kw>
<kw name="Wait Until Page Contains Element" library="SeleniumLibrary">
<doc>Waits until the element ``locator`` appears on the current page.</doc>
<arguments>
<arg>${SecurePasswordInput}</arg>
<arg>${MAX_WAIT}</arg>
</arguments>
<status status="PASS" starttime="20220802 09:49:40.824" endtime="20220802 09:49:40.835"></status>
</kw>
<kw name="Input Text" library="SeleniumLibrary">
<doc>Types the given ``text`` into the text field identified by ``locator``.</doc>
<arguments>
<arg>${SecurePasswordInput}</arg>
<arg>${SecurePassword}</arg>
</arguments>
<msg timestamp="20220802 09:49:40.835" level="INFO">Typing text 'Secure*12' into text field 'xpath=//input[@id="password"]'.</msg>
<status status="PASS" starttime="20220802 09:49:40.835" endtime="20220802 09:49:40.928"></status>
</kw>
<kw name="Wait Until Page Contains Element" library="SeleniumLibrary">
<doc>Waits until the element ``locator`` appears on the current page.</doc>
<arguments>
<arg>${SecureLoginButton}</arg>
<arg>${MAX_WAIT}</arg>
</arguments>
<status status="PASS" starttime="20220802 09:49:40.928" endtime="20220802 09:49:40.936"></status>
</kw>
<kw name="Click Element" library="SeleniumLibrary">
<doc>Click the element identified by ``locator``.</doc>
<arguments>
<arg>${SecureLoginButton}</arg>
</arguments>
<msg timestamp="20220802 09:49:40.936" level="INFO">Clicking element 'xpath=//button[@type="button"]/span[text()=" Sign in "]'.</msg>
<status status="PASS" starttime="20220802 09:49:40.936" endtime="20220802 09:49:40.968"></status>
</kw>
<kw name="Wait Until Page Contains Element" library="SeleniumLibrary">
<doc>Waits until the element ``locator`` appears on the current page.</doc>
<arguments>
<arg>${SecureAccountSelectionPage}</arg>
<arg>${MAX_WAIT}</arg>
</arguments>
<status status="PASS" starttime="20220802 09:49:40.969" endtime="20220802 09:49:49.804"></status>
</kw>
<kw name="Wait Until Page Contains Element" library="SeleniumLibrary">
<doc>Waits until the element ``locator`` appears on the current page.</doc>
<arguments>
<arg>${AdminAccount}</arg>
<arg>${MAX_WAIT}</arg>
</arguments>
<status status="PASS" starttime="20220802 09:49:49.805" endtime="20220802 09:49:50.245"></status>
</kw>
<kw name="Click Element" library="SeleniumLibrary">
<doc>Click the element identified by ``locator``.</doc>
<arguments>
<arg>${AdminAccount}</arg>
</arguments>
<msg timestamp="20220802 09:49:50.245" level="INFO">Clicking element 'xpath=//div[text()=" Admin "]'.</msg>
<status status="PASS" starttime="20220802 09:49:50.245" endtime="20220802 09:49:50.304"></status>
</kw>
<kw name="Sleep" library="BuiltIn">
<doc>Pauses the test executed for the given time.</doc>
<arguments>
<arg>5s</arg>
</arguments>
<msg timestamp="20220802 09:49:55.319" level="INFO">Slept 5 seconds</msg>
<status status="PASS" starttime="20220802 09:49:50.305" endtime="20220802 09:49:55.319"></status>
</kw>
<kw name="Wait Until Page Contains Element" library="SeleniumLibrary">
<doc>Waits until the element ``locator`` appears on the current page.</doc>
<arguments>
<arg>${CancelOverlay}</arg>
<arg>${MAX_WAIT}</arg>
</arguments>
<status status="PASS" starttime="20220802 09:49:55.320" endtime="20220802 09:49:55.328"></status>
</kw>
<kw name="Click Element" library="SeleniumLibrary">
<doc>Click the element identified by ``locator``.</doc>
<arguments>
<arg>${CancelOverlay}</arg>
</arguments>
<msg timestamp="20220802 09:49:55.329" level="INFO">Clicking element 'xpath=//button[@type="button"]/span[text()=" Cancel "]'.</msg>
<status status="PASS" starttime="20220802 09:49:55.329" endtime="20220802 09:49:55.365"></status>
</kw>
[...]
<doc>Makes a variable available everywhere within the scope of the current test.</doc>
<arguments>
<arg>${TempLastName}</arg>
</arguments>
<msg timestamp="20220802 10:15:55.840" level="INFO">${TempLastName} = zgKpiqYH</msg>
<status status="PASS" starttime="20220802 10:15:55.840" endtime="20220802 10:15:55.840"></status>
</kw>
<kw name="Input Text" library="SeleniumLibrary">
<doc>Types the given ``text`` into the text field identified by ``locator``.</doc>
<arguments>
<arg>${LastName}</arg>
<arg>${TempLastName}</arg>
</arguments>
<msg timestamp="20220802 10:15:55.841" level="INFO">Typing text 'zgKpiqYH' into text field 'xpath=(//input[@type="text"])[6]'.</msg>
<status status="PASS" starttime="20220802 10:15:55.841" endtime="20220802 10:15:55.942"></status>
</kw>
<kw name="Click Element" library="SeleniumLibrary">
<doc>Click the element identified by ``locator``.</doc>
<arguments>
<arg>${CreateEmail}</arg>
</arguments>
<msg timestamp="20220802 10:15:55.943" level="INFO">Clicking element 'xpath=(//input[@type="text"])[7]'.</msg>
<status status="PASS" starttime="20220802 10:15:55.942" endtime="20220802 10:15:55.975"></status>
</kw>
<kw name="Press Keys" library="SeleniumLibrary">
<doc>Simulates the user pressing key(s) to an element or on the active browser.</doc>
<arguments>
<arg>None</arg>
<arg>CTRL+V</arg>
</arguments>
<msg timestamp="20220802 10:15:55.976" level="INFO">Sending key(s) ('CTRL+V',) to page.</msg>
<msg timestamp="20220802 10:15:55.976" level="INFO">Pressing special key CONTROL down.</msg>
<msg timestamp="20220802 10:15:55.976" level="INFO">Sending key V</msg>
<msg timestamp="20220802 10:15:55.976" level="INFO">Releasing special key CONTROL.</msg>
<status status="PASS" starttime="20220802 10:15:55.976" endtime="20220802 10:15:55.996"></status>
</kw>
<kw name="Wait Until Page Contains Element" library="SeleniumLibrary">
<doc>Waits until the element ``locator`` appears on the current page.</doc>
<arguments>
<arg>${Address}</arg>
<arg>${MAX_WAIT}</arg>
</arguments>
<status status="PASS" starttime="20220802 10:15:55.997" endtime="20220802 10:15:56.004"></status>
</kw>
<kw name="Input Text" library="SeleniumLibrary">
<doc>Types the given ``text`` into the text field identified by ``locator``.</doc>
<arguments>
<arg>${Address}</arg>
<arg>123</arg>
</arguments>
<msg timestamp="20220802 10:15:56.005" level="INFO">Typing text '123' into text field 'xpath=(//input[@type="text"])[9]'.</msg>
<status status="PASS" starttime="20220802 10:15:56.005" endtime="20220802 10:15:56.058"></status>
</kw>
<kw name="Wait Until Page Contains Element" library="SeleniumLibrary">
<doc>Waits until the element ``locator`` appears on the current page.</doc>
<arguments>
<arg>${AddressSelection}</arg>
<arg>${MAX_WAIT}</arg>
</arguments>
<status status="PASS" starttime="20220802 10:15:56.059" endtime="20220802 10:15:56.940"></status>
</kw>
<kw name="Click Element" library="SeleniumLibrary">
<doc>Click the element identified by ``locator``.</doc>
<arguments>
<arg>${AddressSelection}</arg>
</arguments>
<msg timestamp="20220802 10:15:56.941" level="INFO">Clicking element 'xpath=(//div[@class="v-list-item__title"]/span[text()="123"])[1]'.</msg>
<status status="PASS" starttime="20220802 10:15:56.940" endtime="20220802 10:15:56.996"></status>
</kw>
<kw name="Wait Until Page Contains Element" library="SeleniumLibrary">
<doc>Waits until the element ``locator`` appears on the current page.</doc>
<arguments>
<arg>${ZipCode}</arg>
<arg>${MAX_WAIT}</arg>
</arguments>
<status status="PASS" starttime="20220802 10:15:56.997" endtime="20220802 10:15:57.004"></status>
</kw>
<kw name="Input Text" library="SeleniumLibrary">
<doc>Types the given ``text`` into the text field identified by ``locator``.</doc>
<arguments>
<arg>${ZipCode}</arg>
<arg>123456258</arg>
</arguments>
<msg timestamp="20220802 10:15:57.005" level="INFO">Typing text '123456258' into text field 'xpath=(//input[@type="text"])[13]'.</msg>
<status status="PASS" starttime="20220802 10:15:57.005" endtime="20220802 10:15:57.115"></status>
</kw>
<kw name="Click Element" library="SeleniumLibrary">
<doc>Click the element identified by ``locator``.</doc>
<arguments>
<arg>${Phone}</arg>
</arguments>
<msg timestamp="20220802 10:15:57.116" level="INFO">Clicking element 'xpath=(//input[@type="text"])[8]'.</msg>
<status status="PASS" starttime="20220802 10:15:57.115" endtime="20220802 10:15:57.157"></status>
</kw>
<kw name="Wait Until Page Contains Element" library="SeleniumLibrary">
<doc>Waits until the element ``locator`` appears on the current page.</doc>
<arguments>
<arg>${NextButton}</arg>
<arg>${MAX_WAIT}</arg>
</arguments>
<status status="PASS" starttime="20220802 10:15:57.158" endtime="20220802 10:15:57.170"></status>
</kw>
<kw name="Click Element" library="SeleniumLibrary">
<doc>Click the element identified by ``locator``.</doc>
<arguments>
<arg>${NextButton}</arg>
</arguments>
<msg timestamp="20220802 10:15:57.171" level="INFO">Clicking element 'xpath=//button[@type="button"]/span[text()=" Next "]'.</msg>
<status status="PASS" starttime="20220802 10:15:57.170" endtime="20220802 10:15:57.211"></status>
</kw>
<kw name="Wait Until Page Contains Element" library="SeleniumLibrary">
<doc>Waits until the element ``locator`` appears on the current page.</doc>
<arguments>
<arg>${SIN}</arg>
<arg>${MAX_WAIT}</arg>
</arguments>
<status status="PASS" starttime="20220802 10:15:57.212" endtime="20220802 10:15:57.216"></status>
</kw>
<kw name="Generate Random String" library="String">
<doc>Generates a string with a desired ``length`` from the given ``chars``.</doc>
<arguments>
<arg>4</arg>
<arg>[NUMBERS]</arg>
</arguments>
<assign>
<var>${SINFourDigits}</var>
</assign>
<msg timestamp="20220802 10:15:57.217" level="INFO">${SINFourDigits} = 3454</msg>
<status status="PASS" starttime="20220802 10:15:57.217" endtime="20220802 10:15:57.217"></status>
</kw>
<kw name="Set Test Variable" library="BuiltIn">
<doc>Makes a variable available everywhere within the scope of the current test.</doc>
<arguments>
<arg>${SINFourDigits}</arg>
</arguments>
<msg timestamp="20220802 10:15:57.217" level="INFO">${SINFourDigits} = 3454</msg>
<status status="PASS" starttime="20220802 10:15:57.217" endtime="20220802 10:15:57.217"></status>
</kw>
<kw name="Generate Random String" library="String">
<doc>Generates a string with a desired ``length`` from the given ``chars``.</doc>
<arguments>
<arg>5</arg>
<arg>[NUMBERS]</arg>
</arguments>
<assign>
<var>${FinalFirstFive}</var>
</assign>
<msg timestamp="20220802 10:15:57.218" level="INFO">${FinalFirstFive} = 47579</msg>
<status status="PASS" starttime="20220802 10:15:57.218" endtime="20220802 10:15:57.218"></status>
</kw>
<kw name="Log" library="BuiltIn">
<doc>Logs the given message with the given level.</doc>
<arguments>
<arg>${FinalFirstFive}</arg>
</arguments>
<msg timestamp="20220802 10:15:57.218" level="INFO">47579</msg>
<status status="PASS" starttime="20220802 10:15:57.218" endtime="20220802 10:15:57.218"></status>
</kw>
<kw name="Catenate" library="BuiltIn">
<doc>Catenates the given items together and returns the resulted string.</doc>
<arguments>
<arg>SEPARATOR=</arg>
<arg>${SINFourDigits}</arg>
<arg>${FinalFirstFive}</arg>
</arguments>
<assign>
<var>${FinalSIN}</var>
</assign>
<msg timestamp="20220802 10:15:57.219" level="INFO">${FinalSIN} = 345447579</msg>
<status status="PASS" starttime="20220802 10:15:57.218" endtime="20220802 10:15:57.219"></status>
</kw>
<kw name="Input Text" library="SeleniumLibrary">
<doc>Types the given ``text`` into the text field identified by ``locator``.</doc>
<arguments>
<arg>${SIN}</arg>
<arg>${FinalSIN}</arg>
</arguments>
<msg timestamp="20220802 10:15:57.219" level="INFO">Typing text '345447579' into text field 'xpath=(//input[@type="text"])[4]'.</msg>
<status status="PASS" starttime="20220802 10:15:57.219" endtime="20220802 10:15:57.270"></status>
</kw>
<kw name="Input Text" library="SeleniumLibrary">
<doc>Types the given ``text`` into the text field identified by ``locator``.</doc>
<arguments>
<arg>${DOB}</arg>
<arg>12121987</arg>
</arguments>
<msg timestamp="20220802 10:15:57.271" level="INFO">Typing text '12121987' into text field 'xpath=(//input[@type="text"])[6]'.</msg>
<status status="PASS" starttime="20220802 10:15:57.270" endtime="20220802 10:15:57.320"></status>
</kw>
<kw name="Click Element" library="SeleniumLibrary">
<doc>Click the element identified by ``locator``.</doc>
<arguments>
<arg>${EmpID}</arg>
</arguments>
<msg timestamp="20220802 10:15:57.320" level="INFO">Clicking element 'xpath=(//input[@type="text"])[5]'.</msg>
<status status="PASS" starttime="20220802 10:15:57.320" endtime="20220802 10:15:57.359"></status>
</kw>
<kw name="Wait Until Page Contains Element" library="SeleniumLibrary">
<doc>Waits until the element ``locator`` appears on the current page.</doc>
<arguments>
<arg>${AddInviteEmployee}</arg>
<arg>${MAX_WAIT}</arg>
</arguments>
<status status="PASS" starttime="20220802 10:15:57.359" endtime="20220802 10:15:57.367"></status>
</kw>
<kw name="Sleep" library="BuiltIn">
<doc>Pauses the test executed for the given time.</doc>
<arguments>
<arg>3s</arg>
</arguments>
<msg timestamp="20220802 10:16:00.376" level="INFO">Slept 3 seconds</msg>
<status status="PASS" starttime="20220802 10:15:57.367" endtime="20220802 10:16:00.376"></status>
</kw>
<kw name="Click Element" library="SeleniumLibrary">
<doc>Click the element identified by ``locator``.</doc>
<arguments>
<arg>${AddInviteEmployee}</arg>
</arguments>
<msg timestamp="20220802 10:16:00.377" level="INFO">Clicking element 'xpath=//button[@type="button"]/span[text()=" Add and invite employee "]'.</msg>
<status status="PASS" starttime="20220802 10:16:00.377" endtime="20220802 10:16:00.422"></status>
</kw>
<kw name="Sleep" library="BuiltIn">
<doc>Pauses the test executed for the given time.</doc>
<arguments>
<arg>5s</arg>
</arguments>
<msg timestamp="20220802 10:16:05.435" level="INFO">Slept 5 seconds</msg>
<status status="PASS" starttime="20220802 10:16:00.422" endtime="20220802 10:16:05.436"></status>
</kw>
<kw name="Wait Until Page Contains Element" library="SeleniumLibrary">
<doc>Waits until the element ``locator`` appears on the current page.</doc>
<arguments>
<arg>${ConfirmAddEmployee}</arg>
<arg>${MAX_WAIT}</arg>
</arguments>
<status status="PASS" starttime="20220802 10:16:05.436" endtime="20220802 10:16:05.446"></status>
</kw>
<kw name="Click Element" library="SeleniumLibrary">
<doc>Click the element identified by ``locator``.</doc>
<arguments>
<arg>${ConfirmAddEmployee}</arg>
</arguments>
<msg timestamp="20220802 10:16:05.446" level="INFO">Clicking element 'xpath=(//div[@class="v-card__actions custom-dialog-footer"]/button[@type="button"])[1]'.</msg>
<status status="PASS" starttime="20220802 10:16:05.446" endtime="20220802 10:16:05.475"></status>
</kw>
<kw name="Wait Until Page Contains Element" library="SeleniumLibrary">
<doc>Waits until the element ``locator`` appears on the current page.</doc>
<arguments>
<arg>${EmployeeAddedHeader}</arg>
<arg>${MAX_WAIT}</arg>
</arguments>
<status status="PASS" starttime="20220802 10:16:05.475" endtime="20220802 10:16:07.641"></status>
</kw>
<kw name="Wait Until Page Contains Element" library="SeleniumLibrary">
<doc>Waits until the element ``locator`` appears on the current page.</doc>
<arguments>
<arg>${DoneButton}</arg>
<arg>${MAX_WAIT}</arg>
</arguments>
<status status="PASS" starttime="20220802 10:16:07.641" endtime="20220802 10:16:07.649"></status>
</kw>
<kw name="Sleep" library="BuiltIn">
<doc>Pauses the test executed for the given time.</doc>
<arguments>
<arg>3s</arg>
</arguments>
<msg timestamp="20220802 10:16:10.654" level="INFO">Slept 3 seconds</msg>
<status status="PASS" starttime="20220802 10:16:07.649" endtime="20220802 10:16:10.654"></status>
</kw>
<kw name="Click Element" library="SeleniumLibrary">
<doc>Click the element identified by ``locator``.</doc>
<arguments>
<arg>${DoneButton}</arg>
</arguments>
<msg timestamp="20220802 10:16:10.654" level="INFO">Clicking element 'xpath=//button[@type="button"]/span[text()=" Done "]'.</msg>
<status status="PASS" starttime="20220802 10:16:10.654" endtime="20220802 10:16:10.716"></status>
</kw>
<kw name="Sleep" library="BuiltIn">
<doc>Pauses the test executed for the given time.</doc>
<arguments>
<arg>5s</arg>
</arguments>
<msg timestamp="20220802 10:16:15.727" level="INFO">Slept 5 seconds</msg>
<status status="PASS" starttime="20220802 10:16:10.716" endtime="20220802 10:16:15.727"></status>
</kw>
<kw name="Run Keyword And Ignore Error" library="BuiltIn">
<doc>Runs the given keyword with the given arguments and ignores possible error.</doc>
<arguments>
<arg>Click Element</arg>
<arg>xpath=//button[@type="button"]/span[text()=" Clear filter "]</arg>
</arguments>
<kw name="Click Element" library="SeleniumLibrary">
<doc>Click the element identified by ``locator``.</doc>
<arguments>
<arg>xpath=//button[@type="button"]/span[text()=" Clear filter "]</arg>
</arguments>
<msg timestamp="20220802 10:16:15.729" level="INFO">Clicking element 'xpath=//button[@type="button"]/span[text()=" Clear filter "]'.</msg>
<status status="PASS" starttime="20220802 10:16:15.728" endtime="20220802 10:16:15.776"></status>
</kw>
<status status="PASS" starttime="20220802 10:16:15.728" endtime="20220802 10:16:15.776"></status>
</kw>
<kw name="Sleep" library="BuiltIn">
<doc>Pauses the test executed for the given time.</doc>
<arguments>
<arg>5s</arg>
</arguments>
<msg timestamp="20220802 10:16:20.789" level="INFO">Slept 5 seconds</msg>
<status status="PASS" starttime="20220802 10:16:15.776" endtime="20220802 10:16:20.789"></status>
</kw>
<kw name="Wait Until Page Contains Element" library="SeleniumLibrary">
<doc>Waits until the element ``locator`` appears on the current page.</doc>
<arguments>
<arg>${SearchUser}</arg>
<arg>${MAX_WAIT}</arg>
</arguments>
<status status="PASS" starttime="20220802 10:16:20.790" endtime="20220802 10:16:20.799"></status>
</kw>
<kw name="Input Text" library="SeleniumLibrary">
<doc>Types the given ``text`` into the text field identified by ``locator``.</doc>
<arguments>
<arg>${SearchUser}</arg>
<arg>${TempLastName}</arg>
</arguments>
<msg timestamp="20220802 10:16:20.799" level="INFO">Typing text 'zgKpiqYH' into text field 'xpath=//input[@placeholder="Search by name or email"]'.</msg>
<status status="PASS" starttime="20220802 10:16:20.799" endtime="20220802 10:16:20.914"></status>
</kw>
<kw name="Wait Until Page Contains Element" library="SeleniumLibrary">
<doc>Waits until the element ``locator`` appears on the current page.</doc>
<arguments>
<arg>${EmployeeStatus}</arg>
<arg>${MAX_WAIT}</arg>
</arguments>
<status status="PASS" starttime="20220802 10:16:20.914" endtime="20220802 10:16:20.920"></status>
</kw>
<kw name="Click Element" library="SeleniumLibrary">
<doc>Click the element identified by ``locator``.</doc>
<arguments>
<arg>${EmployeeStatus}</arg>
</arguments>
<msg timestamp="20220802 10:16:20.921" level="INFO">Clicking element 'xpath=//input[@placeholder="Employee status"]'.</msg>
<status status="PASS" starttime="20220802 10:16:20.921" endtime="20220802 10:16:21.010"></status>
</kw>
<kw name="Wait Until Page Contains Element" library="SeleniumLibrary">
<doc>Waits until the element ``locator`` appears on the current page.</doc>
<arguments>
<arg>${LabelInvited}</arg>
<arg>${MAX_WAIT}</arg>
</arguments>
<status status="PASS" starttime="20220802 10:16:21.010" endtime="20220802 10:16:21.025"></status>
</kw>
<kw name="Click Element" library="SeleniumLibrary">
<doc>Click the element identified by ``locator``.</doc>
<arguments>
<arg>${LabelInvited}</arg>
</arguments>
<msg timestamp="20220802 10:16:21.026" level="INFO">Clicking element 'xpath=//label[text()="Invited"]'.</msg>
<status status="PASS" starttime="20220802 10:16:21.025" endtime="20220802 10:16:21.075"></status>
</kw>
<kw name="Sleep" library="BuiltIn">
<doc>Pauses the test executed for the given time.</doc>
<arguments>
<arg>1s</arg>
</arguments>
<msg timestamp="20220802 10:16:22.090" level="INFO">Slept 1 second</msg>
<status status="PASS" starttime="20220802 10:16:21.075" endtime="20220802 10:16:22.090"></status>
</kw>
<kw name="Click Element" library="SeleniumLibrary">
<doc>Click the element identified by ``locator``.</doc>
<arguments>
<arg>${ApplyFilterButton}</arg>
</arguments>
<msg timestamp="20220802 10:16:22.091" level="INFO">Clicking element 'xpath=//button[@type="button"]/span[text()=" Apply "]'.</msg>
<status status="PASS" starttime="20220802 10:16:22.091" endtime="20220802 10:16:22.136"></status>
</kw>
<kw name="Sleep" library="BuiltIn">
<doc>Pauses the test executed for the given time.</doc>
<arguments>
<arg>5s</arg>
</arguments>
<msg timestamp="20220802 10:16:27.141" level="INFO">Slept 5 seconds</msg>
<status status="PASS" starttime="20220802 10:16:22.136" endtime="20220802 10:16:27.141"></status>
</kw>
<kw name="Wait Until Page Contains Element" library="SeleniumLibrary">
<doc>Waits until the element ``locator`` appears on the current page.</doc>
<arguments>
<arg>xpath=(//p)[3]</arg>
<arg>${MAX_WAIT}</arg>
</arguments>
<status status="PASS" starttime="20220802 10:16:27.141" endtime="20220802 10:16:27.150"></status>
</kw>
<kw name="Get Text" library="SeleniumLibrary">
<doc>Returns the text value of the element identified by ``locator``.</doc>
<arguments>
<arg>xpath=(//p)[3]</arg>
</arguments>
<assign>
<var>${UserCreatedEmail}</var>
</assign>
<msg timestamp="20220802 10:16:27.163" level="INFO">${UserCreatedEmail} = jafama9018@anlubi.com</msg>
<status status="PASS" starttime="20220802 10:16:27.150" endtime="20220802 10:16:27.163"></status>
</kw>
<kw name="Set Test Variable" library="BuiltIn">
<doc>Makes a variable available everywhere within the scope of the current test.</doc>
<arguments>
<arg>${UserCreatedEmail}</arg>
</arguments>
<msg timestamp="20220802 10:16:27.164" level="INFO">${UserCreatedEmail} = jafama9018@anlubi.com</msg>
<status status="PASS" starttime="20220802 10:16:27.164" endtime="20220802 10:16:27.164"></status>
</kw>
<kw name="Log To Console" library="BuiltIn">
<doc>Logs the given message to the console.</doc>
<arguments>
<arg>${UserCreatedEmail}</arg>
</arguments>
<status status="PASS" starttime="20220802 10:16:27.164" endtime="20220802 10:16:27.164"></status>
</kw>
<kw name="Log" library="BuiltIn">
<doc>Logs the given message with the given level.</doc>
<arguments>
<arg>${UserCreatedEmail}</arg>
</arguments>
<msg timestamp="20220802 10:16:27.165" level="INFO">jafama9018@anlubi.com</msg>
<status status="PASS" starttime="20220802 10:16:27.164" endtime="20220802 10:16:27.165"></status>
</kw>
<kw name="Close Browser" library="SeleniumLibrary">
<doc>Closes the current browser.</doc>
<status status="PASS" starttime="20220802 10:16:27.165" endtime="20220802 10:16:29.309"></status>
</kw>
<status status="PASS" starttime="20220802 10:15:00.998" endtime="20220802 10:16:29.310"></status>
</kw>
<status status="PASS" starttime="20220802 09:45:37.241" endtime="20220802 10:16:29.310"></status>
</kw>
<status status="PASS" starttime="20220802 09:45:37.241" endtime="20220802 10:16:29.310"></status>
</kw>
<status status="PASS" starttime="20220802 09:45:37.241" endtime="20220802 10:16:29.310" critical="yes"></status>
</test>
<status status="PASS" starttime="20220802 09:45:36.852" endtime="20220802 10:16:29.311"></status>
</suite>
<status status="PASS" starttime="20220802 09:45:36.851" endtime="20220802 10:16:29.313"></status>
</suite>
<status status="PASS" starttime="20220802 09:45:36.836" endtime="20220802 10:16:29.314"></status>
</suite>
<statistics>
<total>
<stat pass="1" fail="0">Critical Tests</stat>
<stat pass="1" fail="0">All Tests</stat>
</total>
<tag>
</tag>
<suite>
<stat pass="1" fail="0" id="s1" name="MailAccountCreation">MailAccountCreation</stat>
<stat pass="1" fail="0" id="s1-s1" name="Scripts">MailAccountCreation.Scripts</stat>
<stat pass="1" fail="0" id="s1-s1-s1" name="AccountCreation">MailAccountCreation.Scripts.AccountCreation</stat>
</suite>
</statistics>
<errors>
</errors>
</robot>
